"D:/PROGRAMMING/U4Projects/Lyrq/Content/Game/Architecture/Default/Materials/M_Basic_Wall.uasset" 0
"D:/PROGRAMMING/U4Projects/Lyrq/Content/Game/Architecture/Default/Materials/M_Basic_Wall.uexp" 1
"D:/PROGRAMMING/U4Projects/Lyrq/Content/Game/Architecture/Default/Pillar_50x500.uasset" 2
"D:/PROGRAMMING/U4Projects/Lyrq/Content/Game/Architecture/Default/Pillar_50x500.uexp" 3
"D:/PROGRAMMING/U4Projects/Lyrq/Content/Game/Architecture/Default/Wall_400x300.uasset" 4
"D:/PROGRAMMING/U4Projects/Lyrq/Content/Game/Architecture/Default/Wall_400x300.uexp" 5
"D:/PROGRAMMING/U4Projects/Lyrq/Content/Game/Architecture/Default/Wall_400x400.uasset" 6
"D:/PROGRAMMING/U4Projects/Lyrq/Content/Game/Architecture/Default/Wall_400x400.uexp" 7
"D:/PROGRAMMING/U4Projects/Lyrq/Content/Game/Architecture/Default/Wall_Door_400x400.uasset" 8
"D:/PROGRAMMING/U4Projects/Lyrq/Content/Game/Architecture/Default/Wall_Door_400x400.uexp" 9
"D:/PROGRAMMING/U4Projects/Lyrq/Content/Game/Architecture/Default/Wall_Window_400x400.uasset" 10
"D:/PROGRAMMING/U4Projects/Lyrq/Content/Game/Architecture/Default/Wall_Window_400x400.uexp" 11
"../../../Engine/Content/EditorMeshes/ColorCalibrator/T_ColorGrid.uasset" 12
"../../../Engine/Content/EditorMeshes/ColorCalibrator/T_ColorGrid.uexp" 13
"../../../Engine/Content/EditorMeshes/ColorCalibrator/T_ColorGrid.ubulk" 14
"D:/PROGRAMMING/U4Projects/Lyrq/Content/Game/Architecture/Default/Materials/M_ColorGrid_LowSpec.uasset" 15
"D:/PROGRAMMING/U4Projects/Lyrq/Content/Game/Architecture/Default/Materials/M_ColorGrid_LowSpec.uexp" 16
"../../../Engine/Content/Functions/Engine_MaterialFunctions02/Utility/BlendAngleCorrectedNormals.uasset" 17
"../../../Engine/Content/Functions/Engine_MaterialFunctions02/Utility/BlendAngleCorrectedNormals.uexp" 18
"D:/PROGRAMMING/U4Projects/Lyrq/Content/StarterContent/Textures/T_Tech_Hex_Tile_M.uasset" 19
"D:/PROGRAMMING/U4Projects/Lyrq/Content/StarterContent/Textures/T_Tech_Hex_Tile_M.uexp" 20
"D:/PROGRAMMING/U4Projects/Lyrq/Content/StarterContent/Textures/T_Tech_Hex_Tile_M.ubulk" 21
"D:/PROGRAMMING/U4Projects/Lyrq/Content/StarterContent/Textures/T_Tech_Hex_Tile_N.uasset" 22
"D:/PROGRAMMING/U4Projects/Lyrq/Content/StarterContent/Textures/T_Tech_Hex_Tile_N.uexp" 23
"D:/PROGRAMMING/U4Projects/Lyrq/Content/StarterContent/Textures/T_Tech_Hex_Tile_N.ubulk" 24
"D:/PROGRAMMING/U4Projects/Lyrq/Content/Game/Architecture/Default/Materials/M_Tech_Hex_Tile.uasset" 25
"D:/PROGRAMMING/U4Projects/Lyrq/Content/Game/Architecture/Default/Materials/M_Tech_Hex_Tile.uexp" 26
"D:/PROGRAMMING/U4Projects/Lyrq/Content/StarterContent/Textures/T_MacroVariation.uasset" 27
"D:/PROGRAMMING/U4Projects/Lyrq/Content/StarterContent/Textures/T_MacroVariation.uexp" 28
"D:/PROGRAMMING/U4Projects/Lyrq/Content/StarterContent/Textures/T_Perlin_Noise_M.uasset" 29
"D:/PROGRAMMING/U4Projects/Lyrq/Content/StarterContent/Textures/T_Perlin_Noise_M.uexp" 30
"D:/PROGRAMMING/U4Projects/Lyrq/Content/StarterContent/Textures/T_Perlin_Noise_M.ubulk" 31
"D:/PROGRAMMING/U4Projects/Lyrq/Content/StarterContent/Textures/T_Wood_Pine_D.uasset" 32
"D:/PROGRAMMING/U4Projects/Lyrq/Content/StarterContent/Textures/T_Wood_Pine_D.uexp" 33
"D:/PROGRAMMING/U4Projects/Lyrq/Content/StarterContent/Textures/T_Wood_Pine_D.ubulk" 34
"D:/PROGRAMMING/U4Projects/Lyrq/Content/StarterContent/Textures/T_Wood_Pine_N.uasset" 35
"D:/PROGRAMMING/U4Projects/Lyrq/Content/StarterContent/Textures/T_Wood_Pine_N.uexp" 36
"D:/PROGRAMMING/U4Projects/Lyrq/Content/StarterContent/Textures/T_Wood_Pine_N.ubulk" 37
"D:/PROGRAMMING/U4Projects/Lyrq/Content/Game/Architecture/Default/Materials/M_Wood_Pine.uasset" 38
"D:/PROGRAMMING/U4Projects/Lyrq/Content/Game/Architecture/Default/Materials/M_Wood_Pine.uexp" 39
"D:/PROGRAMMING/U4Projects/Lyrq/Content/Game/Gamemodes/BGM_MainMenu.uasset" 40
"D:/PROGRAMMING/U4Projects/Lyrq/Content/Game/Gamemodes/BGM_MainMenu.uexp" 41
"../../../Engine/Content/Animation/DefaultAnimBoneCompressionSettings.uasset" 42
"../../../Engine/Content/Animation/DefaultAnimBoneCompressionSettings.uexp" 43
"../../../Engine/Content/Animation/DefaultAnimCurveCompressionSettings.uasset" 44
"../../../Engine/Content/Animation/DefaultAnimCurveCompressionSettings.uexp" 45
"D:/PROGRAMMING/U4Projects/Lyrq/Content/Player/Models/S_Player.uasset" 46
"D:/PROGRAMMING/U4Projects/Lyrq/Content/Player/Models/S_Player.uexp" 47
"D:/PROGRAMMING/U4Projects/Lyrq/Content/Player/Animations/Idle.uasset" 48
"D:/PROGRAMMING/U4Projects/Lyrq/Content/Player/Animations/Idle.uexp" 49
"D:/PROGRAMMING/U4Projects/Lyrq/Content/Player/Animations/Run.uasset" 50
"D:/PROGRAMMING/U4Projects/Lyrq/Content/Player/Animations/Run.uexp" 51
"D:/PROGRAMMING/U4Projects/Lyrq/Content/Player/Animations/Walking.uasset" 52
"D:/PROGRAMMING/U4Projects/Lyrq/Content/Player/Animations/Walking.uexp" 53
"D:/PROGRAMMING/U4Projects/Lyrq/Content/Player/Animations/Sword/Sword_Attack_1.uasset" 54
"D:/PROGRAMMING/U4Projects/Lyrq/Content/Player/Animations/Sword/Sword_Attack_1.uexp" 55
"D:/PROGRAMMING/U4Projects/Lyrq/Content/Player/Animations/Sword/Sword_Attack_2.uasset" 56
"D:/PROGRAMMING/U4Projects/Lyrq/Content/Player/Animations/Sword/Sword_Attack_2.uexp" 57
"D:/PROGRAMMING/U4Projects/Lyrq/Content/Player/Animations/Sword/Sword_Idle.uasset" 58
"D:/PROGRAMMING/U4Projects/Lyrq/Content/Player/Animations/Sword/Sword_Idle.uexp" 59
"D:/PROGRAMMING/U4Projects/Lyrq/Content/Player/Animations/Sword/Sword_Run.uasset" 60
"D:/PROGRAMMING/U4Projects/Lyrq/Content/Player/Animations/Sword/Sword_Run.uexp" 61
"D:/PROGRAMMING/U4Projects/Lyrq/Content/Player/Animations/Unarmed/Unarmed_Attack_1.uasset" 62
"D:/PROGRAMMING/U4Projects/Lyrq/Content/Player/Animations/Unarmed/Unarmed_Attack_1.uexp" 63
"D:/PROGRAMMING/U4Projects/Lyrq/Content/Player/Animations/Unarmed/Unarmed_Attack_2.uasset" 64
"D:/PROGRAMMING/U4Projects/Lyrq/Content/Player/Animations/Unarmed/Unarmed_Attack_2.uexp" 65
"D:/PROGRAMMING/U4Projects/Lyrq/Content/Player/Animations/Unarmed/Unarmed_Attack_3.uasset" 66
"D:/PROGRAMMING/U4Projects/Lyrq/Content/Player/Animations/Unarmed/Unarmed_Attack_3.uexp" 67
"D:/PROGRAMMING/U4Projects/Lyrq/Content/Player/Widgets/BW_ActionBar.uasset" 68
"D:/PROGRAMMING/U4Projects/Lyrq/Content/Player/Widgets/BW_ActionBar.uexp" 69
"D:/PROGRAMMING/U4Projects/Lyrq/Content/StarterContent/Audio/Collapse01.uasset" 70
"D:/PROGRAMMING/U4Projects/Lyrq/Content/StarterContent/Audio/Collapse01.uexp" 71
"D:/PROGRAMMING/U4Projects/Lyrq/Content/StarterContent/Audio/Collapse02.uasset" 72
"D:/PROGRAMMING/U4Projects/Lyrq/Content/StarterContent/Audio/Collapse02.uexp" 73
"D:/PROGRAMMING/U4Projects/Lyrq/Content/StarterContent/Audio/Explosion01.uasset" 74
"D:/PROGRAMMING/U4Projects/Lyrq/Content/StarterContent/Audio/Explosion01.uexp" 75
"D:/PROGRAMMING/U4Projects/Lyrq/Content/StarterContent/Audio/Explosion02.uasset" 76
"D:/PROGRAMMING/U4Projects/Lyrq/Content/StarterContent/Audio/Explosion02.uexp" 77
"D:/PROGRAMMING/U4Projects/Lyrq/Content/StarterContent/Audio/Fire01.uasset" 78
"D:/PROGRAMMING/U4Projects/Lyrq/Content/StarterContent/Audio/Fire01.uexp" 79
"D:/PROGRAMMING/U4Projects/Lyrq/Content/StarterContent/Audio/Fire_Sparks01.uasset" 80
"D:/PROGRAMMING/U4Projects/Lyrq/Content/StarterContent/Audio/Fire_Sparks01.uexp" 81
"D:/PROGRAMMING/U4Projects/Lyrq/Content/StarterContent/Audio/Light01.uasset" 82
"D:/PROGRAMMING/U4Projects/Lyrq/Content/StarterContent/Audio/Light01.uexp" 83
"D:/PROGRAMMING/U4Projects/Lyrq/Content/StarterContent/Audio/Light01_Cue.uasset" 84
"D:/PROGRAMMING/U4Projects/Lyrq/Content/StarterContent/Audio/Light01_Cue.uexp" 85
"D:/PROGRAMMING/U4Projects/Lyrq/Content/StarterContent/Audio/Light02.uasset" 86
"D:/PROGRAMMING/U4Projects/Lyrq/Content/StarterContent/Audio/Light02.uexp" 87
"D:/PROGRAMMING/U4Projects/Lyrq/Content/StarterContent/Audio/Light02_Cue.uasset" 88
"D:/PROGRAMMING/U4Projects/Lyrq/Content/StarterContent/Audio/Light02_Cue.uexp" 89
"D:/PROGRAMMING/U4Projects/Lyrq/Content/StarterContent/Audio/Smoke01.uasset" 90
"D:/PROGRAMMING/U4Projects/Lyrq/Content/StarterContent/Audio/Smoke01.uexp" 91
"D:/PROGRAMMING/U4Projects/Lyrq/Content/StarterContent/Audio/Starter_Birds01.uasset" 92
"D:/PROGRAMMING/U4Projects/Lyrq/Content/StarterContent/Audio/Starter_Birds01.uexp" 93
"D:/PROGRAMMING/U4Projects/Lyrq/Content/StarterContent/Audio/Starter_Music01.uasset" 94
"D:/PROGRAMMING/U4Projects/Lyrq/Content/StarterContent/Audio/Starter_Music01.uexp" 95
"D:/PROGRAMMING/U4Projects/Lyrq/Content/StarterContent/Audio/Starter_Wind05.uasset" 96
"D:/PROGRAMMING/U4Projects/Lyrq/Content/StarterContent/Audio/Starter_Wind05.uexp" 97
"D:/PROGRAMMING/U4Projects/Lyrq/Content/StarterContent/Audio/Starter_Wind06.uasset" 98
"D:/PROGRAMMING/U4Projects/Lyrq/Content/StarterContent/Audio/Starter_Wind06.uexp" 99
"D:/PROGRAMMING/U4Projects/Lyrq/Content/StarterContent/Audio/Steam01.uasset" 100
"D:/PROGRAMMING/U4Projects/Lyrq/Content/StarterContent/Audio/Steam01.uexp" 101
"D:/PROGRAMMING/U4Projects/Lyrq/Content/StarterContent/Textures/T_Smoke_Tiled_D.uasset" 102
"D:/PROGRAMMING/U4Projects/Lyrq/Content/StarterContent/Textures/T_Smoke_Tiled_D.uexp" 103
"D:/PROGRAMMING/U4Projects/Lyrq/Content/StarterContent/Textures/T_Smoke_Tiled_D.ubulk" 104
"D:/PROGRAMMING/U4Projects/Lyrq/Content/StarterContent/Textures/T_Smoke_SubUV.uasset" 105
"D:/PROGRAMMING/U4Projects/Lyrq/Content/StarterContent/Textures/T_Smoke_SubUV.uexp" 106
"D:/PROGRAMMING/U4Projects/Lyrq/Content/StarterContent/Textures/T_Smoke_SubUV.ubulk" 107
"D:/PROGRAMMING/U4Projects/Lyrq/Content/StarterContent/Particles/Materials/M_smoke_subUV.uasset" 108
"D:/PROGRAMMING/U4Projects/Lyrq/Content/StarterContent/Particles/Materials/M_smoke_subUV.uexp" 109
"../../../Engine/Content/Functions/Engine_MaterialFunctions01/Gradient/RadialGradient.uasset" 110
"../../../Engine/Content/Functions/Engine_MaterialFunctions01/Gradient/RadialGradient.uexp" 111
"D:/PROGRAMMING/U4Projects/Lyrq/Content/StarterContent/Particles/Materials/M_radial_ramp.uasset" 112
"D:/PROGRAMMING/U4Projects/Lyrq/Content/StarterContent/Particles/Materials/M_radial_ramp.uexp" 113
"D:/PROGRAMMING/U4Projects/Lyrq/Content/StarterContent/Particles/Materials/m_flare_01.uasset" 114
"D:/PROGRAMMING/U4Projects/Lyrq/Content/StarterContent/Particles/Materials/m_flare_01.uexp" 115
"D:/PROGRAMMING/U4Projects/Lyrq/Content/StarterContent/Textures/T_Explosion_SubUV.uasset" 116
"D:/PROGRAMMING/U4Projects/Lyrq/Content/StarterContent/Textures/T_Explosion_SubUV.uexp" 117
"D:/PROGRAMMING/U4Projects/Lyrq/Content/StarterContent/Textures/T_Explosion_SubUV.ubulk" 118
"D:/PROGRAMMING/U4Projects/Lyrq/Content/StarterContent/Particles/Materials/M_explosion_subUV.uasset" 119
"D:/PROGRAMMING/U4Projects/Lyrq/Content/StarterContent/Particles/Materials/M_explosion_subUV.uexp" 120
"D:/PROGRAMMING/U4Projects/Lyrq/Content/StarterContent/Textures/T_Burst_M.uasset" 121
"D:/PROGRAMMING/U4Projects/Lyrq/Content/StarterContent/Textures/T_Burst_M.uexp" 122
"D:/PROGRAMMING/U4Projects/Lyrq/Content/StarterContent/Textures/T_Burst_M.ubulk" 123
"D:/PROGRAMMING/U4Projects/Lyrq/Content/StarterContent/Particles/Materials/M_Burst.uasset" 124
"D:/PROGRAMMING/U4Projects/Lyrq/Content/StarterContent/Particles/Materials/M_Burst.uexp" 125
"D:/PROGRAMMING/U4Projects/Lyrq/Content/StarterContent/Particles/P_Explosion.uasset" 126
"D:/PROGRAMMING/U4Projects/Lyrq/Content/StarterContent/Particles/P_Explosion.uexp" 127
"D:/PROGRAMMING/U4Projects/Lyrq/Content/StarterContent/Audio/Explosion_Cue.uasset" 128
"D:/PROGRAMMING/U4Projects/Lyrq/Content/StarterContent/Audio/Explosion_Cue.uexp" 129
"D:/PROGRAMMING/U4Projects/Lyrq/Content/StarterContent/Blueprints/Blueprint_Effect_Explosion.uasset" 130
"D:/PROGRAMMING/U4Projects/Lyrq/Content/StarterContent/Blueprints/Blueprint_Effect_Explosion.uexp" 131
"D:/PROGRAMMING/U4Projects/Lyrq/Content/StarterContent/Textures/T_Bush_N.uasset" 132
"D:/PROGRAMMING/U4Projects/Lyrq/Content/StarterContent/Textures/T_Bush_N.uexp" 133
"D:/PROGRAMMING/U4Projects/Lyrq/Content/StarterContent/Textures/T_Bush_N.ubulk" 134
"D:/PROGRAMMING/U4Projects/Lyrq/Content/StarterContent/Textures/T_Bush_D.uasset" 135
"D:/PROGRAMMING/U4Projects/Lyrq/Content/StarterContent/Textures/T_Bush_D.uexp" 136
"D:/PROGRAMMING/U4Projects/Lyrq/Content/StarterContent/Textures/T_Bush_D.ubulk" 137
"D:/PROGRAMMING/U4Projects/Lyrq/Content/StarterContent/Props/Materials/M_Bush.uasset" 138
"D:/PROGRAMMING/U4Projects/Lyrq/Content/StarterContent/Props/Materials/M_Bush.uexp" 139
"D:/PROGRAMMING/U4Projects/Lyrq/Content/StarterContent/Props/SM_Bush.uasset" 140
"D:/PROGRAMMING/U4Projects/Lyrq/Content/StarterContent/Props/SM_Bush.uexp" 141
"D:/PROGRAMMING/U4Projects/Lyrq/Content/StarterContent/Textures/T_Chair_N.uasset" 142
"D:/PROGRAMMING/U4Projects/Lyrq/Content/StarterContent/Textures/T_Chair_N.uexp" 143
"D:/PROGRAMMING/U4Projects/Lyrq/Content/StarterContent/Textures/T_Chair_N.ubulk" 144
"D:/PROGRAMMING/U4Projects/Lyrq/Content/StarterContent/Textures/T_Chair_M.uasset" 145
"D:/PROGRAMMING/U4Projects/Lyrq/Content/StarterContent/Textures/T_Chair_M.uexp" 146
"D:/PROGRAMMING/U4Projects/Lyrq/Content/StarterContent/Textures/T_Chair_M.ubulk" 147
"D:/PROGRAMMING/U4Projects/Lyrq/Content/StarterContent/Props/Materials/M_Chair.uasset" 148
"D:/PROGRAMMING/U4Projects/Lyrq/Content/StarterContent/Props/Materials/M_Chair.uexp" 149
"D:/PROGRAMMING/U4Projects/Lyrq/Content/StarterContent/Props/SM_Couch.uasset" 150
"D:/PROGRAMMING/U4Projects/Lyrq/Content/StarterContent/Props/SM_Couch.uexp" 151
"D:/PROGRAMMING/U4Projects/Lyrq/Content/StarterContent/Textures/T_Door_N.uasset" 152
"D:/PROGRAMMING/U4Projects/Lyrq/Content/StarterContent/Textures/T_Door_N.uexp" 153
"D:/PROGRAMMING/U4Projects/Lyrq/Content/StarterContent/Textures/T_Door_N.ubulk" 154
"D:/PROGRAMMING/U4Projects/Lyrq/Content/StarterContent/Textures/T_Door_M.uasset" 155
"D:/PROGRAMMING/U4Projects/Lyrq/Content/StarterContent/Textures/T_Door_M.uexp" 156
"D:/PROGRAMMING/U4Projects/Lyrq/Content/StarterContent/Textures/T_Door_M.ubulk" 157
"D:/PROGRAMMING/U4Projects/Lyrq/Content/StarterContent/Props/Materials/M_Door.uasset" 158
"D:/PROGRAMMING/U4Projects/Lyrq/Content/StarterContent/Props/Materials/M_Door.uexp" 159
"D:/PROGRAMMING/U4Projects/Lyrq/Content/Game/Architecture/Default/Materials/M_Glass.uasset" 160
"D:/PROGRAMMING/U4Projects/Lyrq/Content/Game/Architecture/Default/Materials/M_Glass.uexp" 161
"D:/PROGRAMMING/U4Projects/Lyrq/Content/StarterContent/Props/SM_Door.uasset" 162
"D:/PROGRAMMING/U4Projects/Lyrq/Content/StarterContent/Props/SM_Door.uexp" 163
"D:/PROGRAMMING/U4Projects/Lyrq/Content/StarterContent/Props/Materials/M_MaterialSphere_Plain.uasset" 164
"D:/PROGRAMMING/U4Projects/Lyrq/Content/StarterContent/Props/Materials/M_MaterialSphere_Plain.uexp" 165
"D:/PROGRAMMING/U4Projects/Lyrq/Content/StarterContent/Props/Materials/M_MaterialSphere.uasset" 166
"D:/PROGRAMMING/U4Projects/Lyrq/Content/StarterContent/Props/Materials/M_MaterialSphere.uexp" 167
"D:/PROGRAMMING/U4Projects/Lyrq/Content/StarterContent/Props/SM_MatPreviewMesh_02.uasset" 168
"D:/PROGRAMMING/U4Projects/Lyrq/Content/StarterContent/Props/SM_MatPreviewMesh_02.uexp" 169
"D:/PROGRAMMING/U4Projects/Lyrq/Content/StarterContent/Textures/T_RockMesh_N.uasset" 170
"D:/PROGRAMMING/U4Projects/Lyrq/Content/StarterContent/Textures/T_RockMesh_N.uexp" 171
"D:/PROGRAMMING/U4Projects/Lyrq/Content/StarterContent/Textures/T_RockMesh_N.ubulk" 172
"D:/PROGRAMMING/U4Projects/Lyrq/Content/StarterContent/Textures/T_RockMesh_M.uasset" 173
"D:/PROGRAMMING/U4Projects/Lyrq/Content/StarterContent/Textures/T_RockMesh_M.uexp" 174
"D:/PROGRAMMING/U4Projects/Lyrq/Content/StarterContent/Textures/T_RockMesh_M.ubulk" 175
"D:/PROGRAMMING/U4Projects/Lyrq/Content/StarterContent/Textures/T_Detail_Rocky_N.uasset" 176
"D:/PROGRAMMING/U4Projects/Lyrq/Content/StarterContent/Textures/T_Detail_Rocky_N.uexp" 177
"D:/PROGRAMMING/U4Projects/Lyrq/Content/StarterContent/Textures/T_Detail_Rocky_N.ubulk" 178
"D:/PROGRAMMING/U4Projects/Lyrq/Content/StarterContent/Textures/T_Rock_Basalt_D.uasset" 179
"D:/PROGRAMMING/U4Projects/Lyrq/Content/StarterContent/Textures/T_Rock_Basalt_D.uexp" 180
"D:/PROGRAMMING/U4Projects/Lyrq/Content/StarterContent/Textures/T_Rock_Basalt_D.ubulk" 181
"D:/PROGRAMMING/U4Projects/Lyrq/Content/StarterContent/Props/Materials/M_Rock.uasset" 182
"D:/PROGRAMMING/U4Projects/Lyrq/Content/StarterContent/Props/Materials/M_Rock.uexp" 183
"D:/PROGRAMMING/U4Projects/Lyrq/Content/StarterContent/Props/SM_Rock.uasset" 184
"D:/PROGRAMMING/U4Projects/Lyrq/Content/StarterContent/Props/SM_Rock.uexp" 185
"D:/PROGRAMMING/U4Projects/Lyrq/Content/StarterContent/Textures/T_Shelf_N.uasset" 186
"D:/PROGRAMMING/U4Projects/Lyrq/Content/StarterContent/Textures/T_Shelf_N.uexp" 187
"D:/PROGRAMMING/U4Projects/Lyrq/Content/StarterContent/Textures/T_Shelf_N.ubulk" 188
"D:/PROGRAMMING/U4Projects/Lyrq/Content/StarterContent/Textures/T_Shelf_M.uasset" 189
"D:/PROGRAMMING/U4Projects/Lyrq/Content/StarterContent/Textures/T_Shelf_M.uexp" 190
"D:/PROGRAMMING/U4Projects/Lyrq/Content/StarterContent/Textures/T_Shelf_M.ubulk" 191
"D:/PROGRAMMING/U4Projects/Lyrq/Content/StarterContent/Props/Materials/M_Shelf.uasset" 192
"D:/PROGRAMMING/U4Projects/Lyrq/Content/StarterContent/Props/Materials/M_Shelf.uexp" 193
"D:/PROGRAMMING/U4Projects/Lyrq/Content/StarterContent/Props/SM_Shelf.uasset" 194
"D:/PROGRAMMING/U4Projects/Lyrq/Content/StarterContent/Props/SM_Shelf.uexp" 195
"D:/PROGRAMMING/U4Projects/Lyrq/Content/Game/Architecture/Default/Materials/M_Basic_Floor.uasset" 196
"D:/PROGRAMMING/U4Projects/Lyrq/Content/Game/Architecture/Default/Materials/M_Basic_Floor.uexp" 197
"D:/PROGRAMMING/U4Projects/Lyrq/Content/StarterContent/Props/SM_Stairs.uasset" 198
"D:/PROGRAMMING/U4Projects/Lyrq/Content/StarterContent/Props/SM_Stairs.uexp" 199
"D:/PROGRAMMING/U4Projects/Lyrq/Content/StarterContent/Shapes/Shape_Cone.uasset" 200
"D:/PROGRAMMING/U4Projects/Lyrq/Content/StarterContent/Shapes/Shape_Cone.uexp" 201
"D:/PROGRAMMING/U4Projects/Lyrq/Content/StarterContent/Shapes/Shape_Cylinder.uasset" 202
"D:/PROGRAMMING/U4Projects/Lyrq/Content/StarterContent/Shapes/Shape_Cylinder.uexp" 203
"D:/PROGRAMMING/U4Projects/Lyrq/Content/StarterContent/Shapes/Shape_NarrowCapsule.uasset" 204
"D:/PROGRAMMING/U4Projects/Lyrq/Content/StarterContent/Shapes/Shape_NarrowCapsule.uexp" 205
"D:/PROGRAMMING/U4Projects/Lyrq/Content/StarterContent/Shapes/Shape_Pipe.uasset" 206
"D:/PROGRAMMING/U4Projects/Lyrq/Content/StarterContent/Shapes/Shape_Pipe.uexp" 207
"D:/PROGRAMMING/U4Projects/Lyrq/Content/StarterContent/Shapes/Shape_Pipe_180.uasset" 208
"D:/PROGRAMMING/U4Projects/Lyrq/Content/StarterContent/Shapes/Shape_Pipe_180.uexp" 209
"D:/PROGRAMMING/U4Projects/Lyrq/Content/StarterContent/Shapes/Shape_Pipe_90.uasset" 210
"D:/PROGRAMMING/U4Projects/Lyrq/Content/StarterContent/Shapes/Shape_Pipe_90.uexp" 211
"D:/PROGRAMMING/U4Projects/Lyrq/Content/StarterContent/Shapes/Shape_Plane.uasset" 212
"D:/PROGRAMMING/U4Projects/Lyrq/Content/StarterContent/Shapes/Shape_Plane.uexp" 213
"D:/PROGRAMMING/U4Projects/Lyrq/Content/StarterContent/Shapes/Shape_Torus.uasset" 214
"D:/PROGRAMMING/U4Projects/Lyrq/Content/StarterContent/Shapes/Shape_Torus.uexp" 215
"D:/PROGRAMMING/U4Projects/Lyrq/Content/StarterContent/Shapes/Shape_Trim.uasset" 216
"D:/PROGRAMMING/U4Projects/Lyrq/Content/StarterContent/Shapes/Shape_Trim.uexp" 217
"D:/PROGRAMMING/U4Projects/Lyrq/Content/StarterContent/Shapes/Shape_Trim_90_In.uasset" 218
"D:/PROGRAMMING/U4Projects/Lyrq/Content/StarterContent/Shapes/Shape_Trim_90_In.uexp" 219
"D:/PROGRAMMING/U4Projects/Lyrq/Content/StarterContent/Shapes/Shape_Trim_90_Out.uasset" 220
"D:/PROGRAMMING/U4Projects/Lyrq/Content/StarterContent/Shapes/Shape_Trim_90_Out.uexp" 221
"D:/PROGRAMMING/U4Projects/Lyrq/Content/StarterContent/Shapes/Shape_TriPyramid.uasset" 222
"D:/PROGRAMMING/U4Projects/Lyrq/Content/StarterContent/Shapes/Shape_TriPyramid.uexp" 223
"D:/PROGRAMMING/U4Projects/Lyrq/Content/StarterContent/Shapes/Shape_Tube.uasset" 224
"D:/PROGRAMMING/U4Projects/Lyrq/Content/StarterContent/Shapes/Shape_Tube.uexp" 225
"D:/PROGRAMMING/U4Projects/Lyrq/Content/StarterContent/Shapes/Shape_Wedge_A.uasset" 226
"D:/PROGRAMMING/U4Projects/Lyrq/Content/StarterContent/Shapes/Shape_Wedge_A.uexp" 227
"D:/PROGRAMMING/U4Projects/Lyrq/Content/StarterContent/Shapes/Shape_Wedge_B.uasset" 228
"D:/PROGRAMMING/U4Projects/Lyrq/Content/StarterContent/Shapes/Shape_Wedge_B.uexp" 229
"D:/PROGRAMMING/U4Projects/Lyrq/Content/StarterContent/Shapes/Shape_WideCapsule.uasset" 230
"D:/PROGRAMMING/U4Projects/Lyrq/Content/StarterContent/Shapes/Shape_WideCapsule.uexp" 231
"../../../Engine/Content/Functions/Engine_MaterialFunctions01/Opacity/CameraDepthFade.uasset" 232
"../../../Engine/Content/Functions/Engine_MaterialFunctions01/Opacity/CameraDepthFade.uexp" 233
"../../../Engine/Content/EngineMaterials/T_Default_Material_Grid_N.uasset" 234
"../../../Engine/Content/EngineMaterials/T_Default_Material_Grid_N.uexp" 235
"../../../Engine/Content/EngineMaterials/T_Default_Material_Grid_N.ubulk" 236
"../../../Engine/Content/EngineMaterials/T_Default_Material_Grid_M.uasset" 237
"../../../Engine/Content/EngineMaterials/T_Default_Material_Grid_M.uexp" 238
"../../../Engine/Content/EngineMaterials/T_Default_Material_Grid_M.ubulk" 239
"../../../Engine/Content/EngineMaterials/WorldGridMaterial.uasset" 240
"../../../Engine/Content/EngineMaterials/WorldGridMaterial.uexp" 241
"../../../Engine/Content/ArtTools/RenderToTexture/Meshes/S_1_Unit_Plane.uasset" 242
"../../../Engine/Content/ArtTools/RenderToTexture/Meshes/S_1_Unit_Plane.uexp" 243
"../../../Engine/Content/EngineMaterials/DefaultMaterial.uasset" 244
"../../../Engine/Content/EngineMaterials/DefaultMaterial.uexp" 245
"../../../Engine/Content/BasicShapes/Cone.uasset" 246
"../../../Engine/Content/BasicShapes/Cone.uexp" 247
"../../../Engine/Content/BasicShapes/Plane.uasset" 248
"../../../Engine/Content/BasicShapes/Plane.uexp" 249
"../../../Engine/Content/BasicShapes/Sphere.uasset" 250
"../../../Engine/Content/BasicShapes/Sphere.uexp" 251
"../../../Engine/Content/EditorLandscapeResources/DataLayer.uasset" 252
"../../../Engine/Content/EditorLandscapeResources/DataLayer.uexp" 253
"../../../Engine/Content/EditorLandscapeResources/DefaultAlphaTexture.uasset" 254
"../../../Engine/Content/EditorLandscapeResources/DefaultAlphaTexture.uexp" 255
"../../../Engine/Content/EditorMaterials/MAT_Groups_Toggle.uasset" 256
"../../../Engine/Content/EditorMaterials/MAT_Groups_Toggle.uexp" 257
"../../../Engine/Content/EditorMaterials/MAT_Groups_Visibility.uasset" 258
"../../../Engine/Content/EditorMaterials/MAT_Groups_Visibility.uexp" 259
"../../../Engine/Content/EditorMaterials/PreviewShadowIndicator.uasset" 260
"../../../Engine/Content/EditorMaterials/PreviewShadowIndicator.uexp" 261
"../../../Engine/Content/EditorMaterials/PreviewShadowIndicator.ubulk" 262
"../../../Engine/Content/EditorMaterials/PreviewShadowIndicatorMaterial.uasset" 263
"../../../Engine/Content/EditorMaterials/PreviewShadowIndicatorMaterial.uexp" 264
"../../../Engine/Content/EditorMaterials/MatineeGroups/MAT_ColorTrack.uasset" 265
"../../../Engine/Content/EditorMaterials/MatineeGroups/MAT_ColorTrack.uexp" 266
"../../../Engine/Content/EditorMaterials/MatineeGroups/MAT_Groups_Anim.uasset" 267
"../../../Engine/Content/EditorMaterials/MatineeGroups/MAT_Groups_Anim.uexp" 268
"../../../Engine/Content/EditorMaterials/MatineeGroups/MAT_Groups_AudioMaster.uasset" 269
"../../../Engine/Content/EditorMaterials/MatineeGroups/MAT_Groups_AudioMaster.uexp" 270
"../../../Engine/Content/EditorMaterials/MatineeGroups/MAT_Groups_Director.uasset" 271
"../../../Engine/Content/EditorMaterials/MatineeGroups/MAT_Groups_Director.uexp" 272
"../../../Engine/Content/EditorMaterials/MatineeGroups/MAT_Groups_Event.uasset" 273
"../../../Engine/Content/EditorMaterials/MatineeGroups/MAT_Groups_Event.uexp" 274
"../../../Engine/Content/EditorMaterials/MatineeGroups/MAT_Groups_Fade.uasset" 275
"../../../Engine/Content/EditorMaterials/MatineeGroups/MAT_Groups_Fade.uexp" 276
"../../../Engine/Content/EditorMaterials/MatineeGroups/MAT_Groups_Float.uasset" 277
"../../../Engine/Content/EditorMaterials/MatineeGroups/MAT_Groups_Float.uexp" 278
"../../../Engine/Content/EditorMaterials/MatineeGroups/MAT_Groups_Move.uasset" 279
"../../../Engine/Content/EditorMaterials/MatineeGroups/MAT_Groups_Move.uexp" 280
"../../../Engine/Content/EditorMaterials/MatineeGroups/MAT_Groups_Slomo.uasset" 281
"../../../Engine/Content/EditorMaterials/MatineeGroups/MAT_Groups_Slomo.uexp" 282
"../../../Engine/Content/EditorMaterials/MatineeGroups/MAT_Groups_Sound.uasset" 283
"../../../Engine/Content/EditorMaterials/MatineeGroups/MAT_Groups_Sound.uexp" 284
"../../../Engine/Content/EditorMaterials/MatineeGroups/MAT_Groups_Vector.uasset" 285
"../../../Engine/Content/EditorMaterials/MatineeGroups/MAT_Groups_Vector.uexp" 286
"../../../Engine/Content/EditorMaterials/ParticleSystems/PSysThumbnail_NoImage.uasset" 287
"../../../Engine/Content/EditorMaterials/ParticleSystems/PSysThumbnail_NoImage.uexp" 288
"../../../Engine/Content/EditorMaterials/ParticleSystems/PSysThumbnail_NoImage.ubulk" 289
"../../../Engine/Content/EditorMaterials/ParticleSystems/PSysThumbnail_OOD.uasset" 290
"../../../Engine/Content/EditorMaterials/ParticleSystems/PSysThumbnail_OOD.uexp" 291
"../../../Engine/Content/EditorMaterials/ParticleSystems/PSysThumbnail_OOD.ubulk" 292
"../../../Engine/Content/EditorMaterials/Camera/CineMat.uasset" 293
"../../../Engine/Content/EditorMaterials/Camera/CineMat.uexp" 294
"../../../Engine/Content/EditorMaterials/Camera/MI_CineMat_Rig.uasset" 295
"../../../Engine/Content/EditorMaterials/Camera/MI_CineMat_Rig.uexp" 296
"../../../Engine/Content/EditorMeshes/Camera/SM_CraneRig_Arm.uasset" 297
"../../../Engine/Content/EditorMeshes/Camera/SM_CraneRig_Arm.uexp" 298
"../../../Engine/Content/EditorMeshes/Camera/SM_CraneRig_Base.uasset" 299
"../../../Engine/Content/EditorMeshes/Camera/SM_CraneRig_Base.uexp" 300
"../../../Engine/Content/EditorMeshes/Camera/SM_CraneRig_Body.uasset" 301
"../../../Engine/Content/EditorMeshes/Camera/SM_CraneRig_Body.uexp" 302
"../../../Engine/Content/EditorMeshes/Camera/SM_CraneRig_Mount.uasset" 303
"../../../Engine/Content/EditorMeshes/Camera/SM_CraneRig_Mount.uexp" 304
"../../../Engine/Content/EditorMeshes/Camera/SM_RailRig_Mount.uasset" 305
"../../../Engine/Content/EditorMeshes/Camera/SM_RailRig_Mount.uexp" 306
"../../../Engine/Content/EditorMeshes/Camera/SM_RailRig_Track.uasset" 307
"../../../Engine/Content/EditorMeshes/Camera/SM_RailRig_Track.uexp" 308
"../../../Engine/Content/EditorResources/BSPVertex.uasset" 309
"../../../Engine/Content/EditorResources/BSPVertex.uexp" 310
"../../../Engine/Content/EditorResources/EmptyActor.uasset" 311
"../../../Engine/Content/EditorResources/EmptyActor.uexp" 312
"../../../Engine/Content/EditorResources/S_Actor.uasset" 313
"../../../Engine/Content/EditorResources/S_Actor.uexp" 314
"../../../Engine/Content/EditorResources/S_Actor.ubulk" 315
"../../../Engine/Content/EditorResources/S_Note.uasset" 316
"../../../Engine/Content/EditorResources/S_Note.uexp" 317
"../../../Engine/Content/EditorResources/S_Note.ubulk" 318
"../../../Engine/Content/EditorResources/S_Solver.uasset" 319
"../../../Engine/Content/EditorResources/S_Solver.uexp" 320
"../../../Engine/Content/EditorResources/S_Solver.ubulk" 321
"../../../Engine/Content/EditorResources/S_Terrain.uasset" 322
"../../../Engine/Content/EditorResources/S_Terrain.uexp" 323
"../../../Engine/Content/EditorResources/S_Terrain.ubulk" 324
"../../../Engine/Content/EditorResources/S_Trigger.uasset" 325
"../../../Engine/Content/EditorResources/S_Trigger.uexp" 326
"../../../Engine/Content/EditorResources/S_Trigger.ubulk" 327
"../../../Engine/Content/EditorResources/AudioIcons/S_AudioComponent.uasset" 328
"../../../Engine/Content/EditorResources/AudioIcons/S_AudioComponent.uexp" 329
"../../../Engine/Content/EditorResources/AudioIcons/S_AudioComponent.ubulk" 330
"../../../Engine/Content/EditorResources/AudioIcons/S_AudioComponent_AutoActivate.uasset" 331
"../../../Engine/Content/EditorResources/AudioIcons/S_AudioComponent_AutoActivate.uexp" 332
"../../../Engine/Content/EditorResources/AudioIcons/S_AudioComponent_AutoActivate.ubulk" 333
"../../../Engine/Content/EditorResources/LightIcons/S_LightError.uasset" 334
"../../../Engine/Content/EditorResources/LightIcons/S_LightError.uexp" 335
"../../../Engine/Content/EditorResources/SequenceRecorder/Countdown.uasset" 336
"../../../Engine/Content/EditorResources/SequenceRecorder/Countdown.uexp" 337
"../../../Engine/Content/EditorResources/SequenceRecorder/RecordingIndicator.uasset" 338
"../../../Engine/Content/EditorResources/SequenceRecorder/RecordingIndicator.uexp" 339
"../../../Engine/Content/EngineDamageTypes/DmgTypeBP_Environmental.uasset" 340
"../../../Engine/Content/EngineDamageTypes/DmgTypeBP_Environmental.uexp" 341
"../../../Engine/Content/EngineDebugMaterials/DebugEditorMaterial.uasset" 342
"../../../Engine/Content/EngineDebugMaterials/DebugEditorMaterial.uexp" 343
"../../../Engine/Content/EngineDebugMaterials/DebugMeshMaterial.uasset" 344
"../../../Engine/Content/EngineDebugMaterials/DebugMeshMaterial.uexp" 345
"../../../Engine/Content/EngineDebugMaterials/M_SimpleUnlitTranslucent.uasset" 346
"../../../Engine/Content/EngineDebugMaterials/M_SimpleUnlitTranslucent.uexp" 347
"../../../Engine/Content/Functions/Engine_MaterialFunctions02/Utility/CameraDirectionVector.uasset" 348
"../../../Engine/Content/Functions/Engine_MaterialFunctions02/Utility/CameraDirectionVector.uexp" 349
"../../../Engine/Content/EngineDebugMaterials/VolumeToRender.uasset" 350
"../../../Engine/Content/EngineDebugMaterials/VolumeToRender.uexp" 351
"../../../Engine/Content/EngineDebugMaterials/M_VolumeRenderSphereTracePP.uasset" 352
"../../../Engine/Content/EngineDebugMaterials/M_VolumeRenderSphereTracePP.uexp" 353
"../../../Engine/Content/Functions/Engine_MaterialFunctions01/Shading/ConvertFromDiffSpec.uasset" 354
"../../../Engine/Content/Functions/Engine_MaterialFunctions01/Shading/ConvertFromDiffSpec.uexp" 355
"../../../Engine/Content/EngineDebugMaterials/VertexColorMaterial.uasset" 356
"../../../Engine/Content/EngineDebugMaterials/VertexColorMaterial.uexp" 357
"../../../Engine/Content/EngineDebugMaterials/WireframeMaterial.uasset" 358
"../../../Engine/Content/EngineDebugMaterials/WireframeMaterial.uexp" 359
"../../../Engine/Content/EngineFonts/Faces/RobotoRegular.uasset" 360
"../../../Engine/Content/EngineFonts/Faces/RobotoRegular.uexp" 361
"../../../Engine/Content/EngineFonts/Faces/RobotoRegular.ufont" 362
"../../../Engine/Content/EngineFonts/Faces/RobotoLight.uasset" 363
"../../../Engine/Content/EngineFonts/Faces/RobotoLight.uexp" 364
"../../../Engine/Content/EngineFonts/Faces/RobotoLight.ufont" 365
"../../../Engine/Content/EngineFonts/Faces/RobotoItalic.uasset" 366
"../../../Engine/Content/EngineFonts/Faces/RobotoItalic.uexp" 367
"../../../Engine/Content/EngineFonts/Faces/RobotoItalic.ufont" 368
"../../../Engine/Content/EngineFonts/Faces/RobotoBoldItalic.uasset" 369
"../../../Engine/Content/EngineFonts/Faces/RobotoBoldItalic.uexp" 370
"../../../Engine/Content/EngineFonts/Faces/RobotoBoldItalic.ufont" 371
"../../../Engine/Content/EngineFonts/Faces/RobotoBold.uasset" 372
"../../../Engine/Content/EngineFonts/Faces/RobotoBold.uexp" 373
"../../../Engine/Content/EngineFonts/Faces/RobotoBold.ufont" 374
"../../../Engine/Content/EngineFonts/Faces/DroidSansFallback.uasset" 375
"../../../Engine/Content/EngineFonts/Faces/DroidSansFallback.uexp" 376
"../../../Engine/Content/EngineFonts/Faces/DroidSansFallback.ufont" 377
"../../../Engine/Content/EngineFonts/Roboto.uasset" 378
"../../../Engine/Content/EngineFonts/Roboto.uexp" 379
"../../../Engine/Content/EngineMaterials/BaseFlattenGrayscaleMap.uasset" 380
"../../../Engine/Content/EngineMaterials/BaseFlattenGrayscaleMap.uexp" 381
"../../../Engine/Content/EngineMaterials/BaseFlattenEmissiveMap.uasset" 382
"../../../Engine/Content/EngineMaterials/BaseFlattenEmissiveMap.uexp" 383
"../../../Engine/Content/EngineMaterials/BaseFlattenDiffuseMap.uasset" 384
"../../../Engine/Content/EngineMaterials/BaseFlattenDiffuseMap.uexp" 385
"../../../Engine/Content/EngineMaterials/BaseFlattenNormalMap.uasset" 386
"../../../Engine/Content/EngineMaterials/BaseFlattenNormalMap.uexp" 387
"../../../Engine/Content/EngineMaterials/BaseFlattenMaterial.uasset" 388
"../../../Engine/Content/EngineMaterials/BaseFlattenMaterial.uexp" 389
"../../../Engine/Content/EngineMaterials/BlueNoise.uasset" 390
"../../../Engine/Content/EngineMaterials/BlueNoise.uexp" 391
"../../../Engine/Content/EngineMaterials/DefaultBloomKernel.uasset" 392
"../../../Engine/Content/EngineMaterials/DefaultBloomKernel.uexp" 393
"../../../Engine/Content/EngineMaterials/DefaultBokeh.uasset" 394
"../../../Engine/Content/EngineMaterials/DefaultBokeh.uexp" 395
"../../../Engine/Content/EngineMaterials/DefaultDiffuse.uasset" 396
"../../../Engine/Content/EngineMaterials/DefaultDiffuse.uexp" 397
"../../../Engine/Content/EngineMaterials/DefaultDiffuse.ubulk" 398
"../../../Engine/Content/EngineMaterials/DefaultDeferredDecalMaterial.uasset" 399
"../../../Engine/Content/EngineMaterials/DefaultDeferredDecalMaterial.uexp" 400
"../../../Engine/Content/EngineMaterials/DefaultLightFunctionMaterial.uasset" 401
"../../../Engine/Content/EngineMaterials/DefaultLightFunctionMaterial.uexp" 402
"../../../Engine/Content/Functions/Engine_MaterialFunctions02/Utility/BreakOutFloat2Components.uasset" 403
"../../../Engine/Content/Functions/Engine_MaterialFunctions02/Utility/BreakOutFloat2Components.uexp" 404
"../../../Engine/Content/EngineMaterials/DefaultPostProcessMaterial.uasset" 405
"../../../Engine/Content/EngineMaterials/DefaultPostProcessMaterial.uexp" 406
"../../../Engine/Content/EngineFonts/RobotoDistanceField.uasset" 407
"../../../Engine/Content/EngineFonts/RobotoDistanceField.uexp" 408
"../../../Engine/Content/EngineMaterials/DefaultTextMaterialOpaque.uasset" 409
"../../../Engine/Content/EngineMaterials/DefaultTextMaterialOpaque.uexp" 410
"../../../Engine/Content/EngineMaterials/DefaultWhiteGrid.uasset" 411
"../../../Engine/Content/EngineMaterials/DefaultWhiteGrid.uexp" 412
"../../../Engine/Content/EngineMaterials/DefaultWhiteGrid.ubulk" 413
"../../../Engine/Content/EngineMaterials/DefaultWhiteGrid_Low.uasset" 414
"../../../Engine/Content/EngineMaterials/DefaultWhiteGrid_Low.uexp" 415
"../../../Engine/Content/EngineMaterials/EmissiveMeshMaterial.uasset" 416
"../../../Engine/Content/EngineMaterials/EmissiveMeshMaterial.uexp" 417
"../../../Engine/Content/EngineMaterials/GizmoMaterial.uasset" 418
"../../../Engine/Content/EngineMaterials/GizmoMaterial.uexp" 419
"../../../Engine/Content/EngineMaterials/Good64x64TilingNoiseHighFreq.uasset" 420
"../../../Engine/Content/EngineMaterials/Good64x64TilingNoiseHighFreq.uexp" 421
"../../../Engine/Content/EngineMaterials/MiniFont.uasset" 422
"../../../Engine/Content/EngineMaterials/MiniFont.uexp" 423
"../../../Engine/Content/EngineMaterials/InvalidLightmapSettings.uasset" 424
"../../../Engine/Content/EngineMaterials/InvalidLightmapSettings.uexp" 425
"../../../Engine/Content/EngineMaterials/InvalidLightmapSettings.ubulk" 426
"../../../Engine/Content/EngineMaterials/M_InvalidLightmapSettings.uasset" 427
"../../../Engine/Content/EngineMaterials/M_InvalidLightmapSettings.uexp" 428
"../../../Engine/Content/Functions/Engine_MaterialFunctions02/WorldPositionOffset/CameraOffset.uasset" 429
"../../../Engine/Content/Functions/Engine_MaterialFunctions02/WorldPositionOffset/CameraOffset.uexp" 430
"../../../Engine/Content/EngineMaterials/PhAT_JointLimitMaterial.uasset" 431
"../../../Engine/Content/EngineMaterials/PhAT_JointLimitMaterial.uexp" 432
"../../../Engine/Content/EngineMaterials/DefaultCalibrationColor.uasset" 433
"../../../Engine/Content/EngineMaterials/DefaultCalibrationColor.uexp" 434
"../../../Engine/Content/EngineMaterials/PPM_DefaultCalibrationColor.uasset" 435
"../../../Engine/Content/EngineMaterials/PPM_DefaultCalibrationColor.uexp" 436
"../../../Engine/Content/EngineMaterials/DefaultCalibrationGrayscale.uasset" 437
"../../../Engine/Content/EngineMaterials/DefaultCalibrationGrayscale.uexp" 438
"../../../Engine/Content/EngineMaterials/PPM_DefaultCalibrationGrayscale.uasset" 439
"../../../Engine/Content/EngineMaterials/PPM_DefaultCalibrationGrayscale.uexp" 440
"../../../Engine/Content/EngineMaterials/PreintegratedSkinBRDF.uasset" 441
"../../../Engine/Content/EngineMaterials/PreintegratedSkinBRDF.uexp" 442
"../../../Engine/Content/EngineMaterials/RemoveSurfaceMaterial.uasset" 443
"../../../Engine/Content/EngineMaterials/RemoveSurfaceMaterial.uexp" 444
"../../../Engine/Content/EngineMaterials/WeightMapPlaceholderTexture.uasset" 445
"../../../Engine/Content/EngineMaterials/WeightMapPlaceholderTexture.uexp" 446
"../../../Engine/Content/EngineResources/WhiteSquareTexture.uasset" 447
"../../../Engine/Content/EngineResources/WhiteSquareTexture.uexp" 448
"../../../Engine/Content/EngineMaterials/Widget3DPassThrough.uasset" 449
"../../../Engine/Content/EngineMaterials/Widget3DPassThrough.uexp" 450
"../../../Engine/Content/EngineMaterials/Widget3DPassThrough_Masked.uasset" 451
"../../../Engine/Content/EngineMaterials/Widget3DPassThrough_Masked.uexp" 452
"../../../Engine/Content/EngineMaterials/Widget3DPassThrough_Opaque.uasset" 453
"../../../Engine/Content/EngineMaterials/Widget3DPassThrough_Opaque.uexp" 454
"../../../Engine/Content/EngineMaterials/Widget3DPassThrough_Masked_OneSided.uasset" 455
"../../../Engine/Content/EngineMaterials/Widget3DPassThrough_Masked_OneSided.uexp" 456
"../../../Engine/Content/EngineMaterials/Widget3DPassThrough_Opaque_OneSided.uasset" 457
"../../../Engine/Content/EngineMaterials/Widget3DPassThrough_Opaque_OneSided.uexp" 458
"../../../Engine/Content/EngineMaterials/Widget3DPassThrough_Translucent.uasset" 459
"../../../Engine/Content/EngineMaterials/Widget3DPassThrough_Translucent.uexp" 460
"../../../Engine/Content/EngineMaterials/Widget3DPassThrough_Translucent_OneSided.uasset" 461
"../../../Engine/Content/EngineMaterials/Widget3DPassThrough_Translucent_OneSided.uexp" 462
"../../../Engine/Content/EngineMeshes/Cylinder.uasset" 463
"../../../Engine/Content/EngineMeshes/Cylinder.uexp" 464
"../../../Engine/Content/EngineMeshes/Sphere.uasset" 465
"../../../Engine/Content/EngineMeshes/Sphere.uexp" 466
"../../../Engine/Content/EngineResources/Black.uasset" 467
"../../../Engine/Content/EngineResources/Black.uexp" 468
"../../../Engine/Content/EngineResources/DefaultTexture.uasset" 469
"../../../Engine/Content/EngineResources/DefaultTexture.uexp" 470
"../../../Engine/Content/EngineResources/DefaultTexture.ubulk" 471
"../../../Engine/Content/EngineResources/DefaultTextureCube.uasset" 472
"../../../Engine/Content/EngineResources/DefaultTextureCube.uexp" 473
"../../../Engine/Content/EngineResources/DefaultVolumeTexture2D.uasset" 474
"../../../Engine/Content/EngineResources/DefaultVolumeTexture2D.uexp" 475
"../../../Engine/Content/EngineResources/DefaultVolumeTexture.uasset" 476
"../../../Engine/Content/EngineResources/DefaultVolumeTexture.uexp" 477
"../../../Engine/Content/EngineResources/GradientTexture0.uasset" 478
"../../../Engine/Content/EngineResources/GradientTexture0.uexp" 479
"../../../Engine/Content/EngineSky/VolumetricClouds/T_NoiseShape64.uasset" 480
"../../../Engine/Content/EngineSky/VolumetricClouds/T_NoiseShape64.uexp" 481
"../../../Engine/Content/EngineSky/VolumetricClouds/T_NoiseShape64.ubulk" 482
"../../../Engine/Content/EngineSky/VolumetricClouds/T_VolumeNoiseShape64.uasset" 483
"../../../Engine/Content/EngineSky/VolumetricClouds/T_VolumeNoiseShape64.uexp" 484
"../../../Engine/Content/EngineSky/VolumetricClouds/T_NoiseErosion.uasset" 485
"../../../Engine/Content/EngineSky/VolumetricClouds/T_NoiseErosion.uexp" 486
"../../../Engine/Content/EngineSky/VolumetricClouds/T_NoiseErosion.ubulk" 487
"../../../Engine/Content/EngineSky/VolumetricClouds/T_VolumeNoiseErosion32.uasset" 488
"../../../Engine/Content/EngineSky/VolumetricClouds/T_VolumeNoiseErosion32.uexp" 489
"../../../Engine/Content/Functions/Engine_MaterialFunctions02/Utility/MakeFloat2.uasset" 490
"../../../Engine/Content/Functions/Engine_MaterialFunctions02/Utility/MakeFloat2.uexp" 491
"../../../Engine/Content/EngineSky/VolumetricClouds/CloudWeatherTexture.uasset" 492
"../../../Engine/Content/EngineSky/VolumetricClouds/CloudWeatherTexture.uexp" 493
"../../../Engine/Content/EngineSky/VolumetricClouds/CloudGradientTexture.uasset" 494
"../../../Engine/Content/EngineSky/VolumetricClouds/CloudGradientTexture.uexp" 495
"../../../Engine/Content/EngineSky/VolumetricClouds/m_SimpleVolumetricCloud.uasset" 496
"../../../Engine/Content/EngineSky/VolumetricClouds/m_SimpleVolumetricCloud.uexp" 497
"../../../Engine/Content/EngineSky/VolumetricClouds/m_SimpleVolumetricCloud_Inst.uasset" 498
"../../../Engine/Content/EngineSky/VolumetricClouds/m_SimpleVolumetricCloud_Inst.uexp" 499
"../../../Engine/Content/EngineSounds/Master.uasset" 500
"../../../Engine/Content/EngineSounds/Master.uexp" 501
"../../../Engine/Content/Functions/Engine_MaterialFunctions01/Shading/PowerToRoughness.uasset" 502
"../../../Engine/Content/Functions/Engine_MaterialFunctions01/Shading/PowerToRoughness.uexp" 503
"../../../Engine/Content/Maps/Templates/Thumbnails/Default.uasset" 504
"../../../Engine/Content/Maps/Templates/Thumbnails/Default.uexp" 505
"../../../Engine/Content/Maps/Templates/Thumbnails/TimeOfDay.uasset" 506
"../../../Engine/Content/Maps/Templates/Thumbnails/TimeOfDay.uexp" 507
"../../../Engine/Content/Maps/Templates/Thumbnails/VR-Basic.uasset" 508
"../../../Engine/Content/Maps/Templates/Thumbnails/VR-Basic.uexp" 509
"../../../Engine/Content/MobileResources/T_MobileControls_texture.uasset" 510
"../../../Engine/Content/MobileResources/T_MobileControls_texture.uexp" 511
"../../../Engine/Content/MobileResources/T_MobileMenu2.uasset" 512
"../../../Engine/Content/MobileResources/T_MobileMenu2.uexp" 513
"../../../Engine/Content/MobileResources/HUD/AnalogHat.uasset" 514
"../../../Engine/Content/MobileResources/HUD/AnalogHat.uexp" 515
"../../../Engine/Content/MobileResources/HUD/VirtualJoystick_Thumb.uasset" 516
"../../../Engine/Content/MobileResources/HUD/VirtualJoystick_Thumb.uexp" 517
"../../../Engine/Content/MobileResources/HUD/VirtualJoystick_Background.uasset" 518
"../../../Engine/Content/MobileResources/HUD/VirtualJoystick_Background.uexp" 519
"../../../Engine/Content/MobileResources/HUD/DefaultVirtualJoysticks.uasset" 520
"../../../Engine/Content/MobileResources/HUD/DefaultVirtualJoysticks.uexp" 521
"../../../Engine/Content/MobileResources/HUD/LeftVirtualJoystickOnly.uasset" 522
"../../../Engine/Content/MobileResources/HUD/LeftVirtualJoystickOnly.uexp" 523
"../../../Engine/Content/MobileResources/HUD/MobileHUDButton1_off.uasset" 524
"../../../Engine/Content/MobileResources/HUD/MobileHUDButton1_off.uexp" 525
"../../../Engine/Content/MobileResources/HUD/MobileHUDButton1_on.uasset" 526
"../../../Engine/Content/MobileResources/HUD/MobileHUDButton1_on.uexp" 527
"../../../Engine/Content/MobileResources/HUD/MobileHUDButton2_off.uasset" 528
"../../../Engine/Content/MobileResources/HUD/MobileHUDButton2_off.uexp" 529
"../../../Engine/Content/MobileResources/HUD/MobileHUDButton2_on.uasset" 530
"../../../Engine/Content/MobileResources/HUD/MobileHUDButton2_on.uexp" 531
"../../../Engine/Content/MobileResources/HUD/MobileHUDButton3.uasset" 532
"../../../Engine/Content/MobileResources/HUD/MobileHUDButton3.uexp" 533
"../../../Engine/Content/MobileResources/HUD/MobileHUDButtonFire.uasset" 534
"../../../Engine/Content/MobileResources/HUD/MobileHUDButtonFire.uexp" 535
"../../../Engine/Content/MobileResources/HUD/MobileHUDDirectionPad.uasset" 536
"../../../Engine/Content/MobileResources/HUD/MobileHUDDirectionPad.uexp" 537
"../../../Engine/Content/MobileResources/HUD/MobileHUDDirectionPad2.uasset" 538
"../../../Engine/Content/MobileResources/HUD/MobileHUDDirectionPad2.uexp" 539
"../../../Engine/Content/MobileResources/HUD/MobileHUDDirectionPad3.uasset" 540
"../../../Engine/Content/MobileResources/HUD/MobileHUDDirectionPad3.uexp" 541
"../../../Engine/Content/MobileResources/HUD/MobileHUDDirectionStick.uasset" 542
"../../../Engine/Content/MobileResources/HUD/MobileHUDDirectionStick.uexp" 543
"../../../Engine/Content/MobileResources/HUD/T_Castle_ThumbstickInner.uasset" 544
"../../../Engine/Content/MobileResources/HUD/T_Castle_ThumbstickInner.uexp" 545
"../../../Engine/Content/MobileResources/HUD/T_Castle_ThumbstickOutter.uasset" 546
"../../../Engine/Content/MobileResources/HUD/T_Castle_ThumbstickOutter.uexp" 547
"../../../Engine/Content/Tutorial/ContentIntroCurve.uasset" 548
"../../../Engine/Content/Tutorial/ContentIntroCurve.uexp" 549
"../../../Engine/Content/Tutorial/Basics/TutorialAssets/icon_tab_Levels_40x.uasset" 550
"../../../Engine/Content/Tutorial/Basics/TutorialAssets/icon_tab_Levels_40x.uexp" 551
"../../../Engine/Content/VREditor/TransformGizmo/TranslucentTransformGizmoMaterial.uasset" 552
"../../../Engine/Content/VREditor/TransformGizmo/TranslucentTransformGizmoMaterial.uexp" 553
"../../../Engine/Content/VREditor/LaserPointer/VR_LaserPower_01.uasset" 554
"../../../Engine/Content/VREditor/LaserPointer/VR_LaserPower_01.uexp" 555
"../../../Engine/Content/VREditor/LaserPointer/VR_LaserPower_01.ubulk" 556
"../../../Engine/Content/VREditor/TransformGizmo/TransformGizmoMaterial.uasset" 557
"../../../Engine/Content/VREditor/TransformGizmo/TransformGizmoMaterial.uexp" 558
"../../../Engine/Content/VREditor/TransformGizmo/BoundingBoxCorner.uasset" 559
"../../../Engine/Content/VREditor/TransformGizmo/BoundingBoxCorner.uexp" 560
"../../../Engine/Content/VREditor/TransformGizmo/BoundingBoxEdge.uasset" 561
"../../../Engine/Content/VREditor/TransformGizmo/BoundingBoxEdge.uexp" 562
"../../../Engine/Content/VREditor/TransformGizmo/PlaneTranslationHandle.uasset" 563
"../../../Engine/Content/VREditor/TransformGizmo/PlaneTranslationHandle.uexp" 564
"../../../Engine/Content/VREditor/TransformGizmo/Xray.uasset" 565
"../../../Engine/Content/VREditor/TransformGizmo/Xray.uexp" 566
"../../../Engine/Content/VREditor/TransformGizmo/Main.uasset" 567
"../../../Engine/Content/VREditor/TransformGizmo/Main.uexp" 568
"../../../Engine/Content/VREditor/TransformGizmo/SM_Sequencer_Key.uasset" 569
"../../../Engine/Content/VREditor/TransformGizmo/SM_Sequencer_Key.uexp" 570
"../../../Engine/Content/VREditor/TransformGizmo/SM_Sequencer_Node.uasset" 571
"../../../Engine/Content/VREditor/TransformGizmo/SM_Sequencer_Node.uexp" 572
"../../../Engine/Plugins/2D/Paper2D/Content/PlaceholderTextures/DummySpriteTexture.uasset" 573
"../../../Engine/Plugins/2D/Paper2D/Content/PlaceholderTextures/DummySpriteTexture.uexp" 574
"../../../Engine/Plugins/2D/Paper2D/Content/PlaceholderTextures/DummySpriteTexture.ubulk" 575
"../../../Engine/Plugins/2D/Paper2D/Content/DummySprite.uasset" 576
"../../../Engine/Plugins/2D/Paper2D/Content/DummySprite.uexp" 577
"../../../Engine/Plugins/2D/Paper2D/Content/DefaultPaperTerrainMaterial.uasset" 578
"../../../Engine/Plugins/2D/Paper2D/Content/DefaultPaperTerrainMaterial.uexp" 579
"../../../Engine/Plugins/2D/Paper2D/Content/DefaultSpriteMaterial.uasset" 580
"../../../Engine/Plugins/2D/Paper2D/Content/DefaultSpriteMaterial.uexp" 581
"../../../Engine/Plugins/2D/Paper2D/Content/MaskedUnlitSpriteMaterial.uasset" 582
"../../../Engine/Plugins/2D/Paper2D/Content/MaskedUnlitSpriteMaterial.uexp" 583
"../../../Engine/Plugins/2D/Paper2D/Content/OpaqueUnlitSpriteMaterial.uasset" 584
"../../../Engine/Plugins/2D/Paper2D/Content/OpaqueUnlitSpriteMaterial.uexp" 585
"../../../Engine/Content/Functions/Engine_MaterialFunctions02/Utility/VectorLength.uasset" 586
"../../../Engine/Content/Functions/Engine_MaterialFunctions02/Utility/VectorLength.uexp" 587
"../../../Engine/Content/Functions/Engine_MaterialFunctions02/ObjectLocalBounds.uasset" 588
"../../../Engine/Content/Functions/Engine_MaterialFunctions02/ObjectLocalBounds.uexp" 589
"../../../Engine/Content/Functions/Engine_MaterialFunctions02/Utility/BreakOutFloat3Components.uasset" 590
"../../../Engine/Content/Functions/Engine_MaterialFunctions02/Utility/BreakOutFloat3Components.uexp" 591
"../../../Engine/Content/Functions/Engine_MaterialFunctions02/WorldPositionOffset/ObjectScale.uasset" 592
"../../../Engine/Content/Functions/Engine_MaterialFunctions02/WorldPositionOffset/ObjectScale.uexp" 593
"../../../Engine/Plugins/Editor/SpeedTreeImporter/Content/SpeedTree9/UnpackInteger3.uasset" 594
"../../../Engine/Plugins/Editor/SpeedTreeImporter/Content/SpeedTree9/UnpackInteger3.uexp" 595
"../../../Engine/Plugins/Editor/SpeedTreeImporter/Content/SpeedTree9/UnpackDirection.uasset" 596
"../../../Engine/Plugins/Editor/SpeedTreeImporter/Content/SpeedTree9/UnpackDirection.uexp" 597
"../../../Engine/Plugins/Editor/SpeedTreeImporter/Content/SpeedTree9/game_wind_noise.uasset" 598
"../../../Engine/Plugins/Editor/SpeedTreeImporter/Content/SpeedTree9/game_wind_noise.uexp" 599
"../../../Engine/Plugins/Editor/SpeedTreeImporter/Content/SpeedTree9/game_wind_noise.ubulk" 600
"../../../Engine/Content/Functions/Engine_MaterialFunctions02/SafeNormalize.uasset" 601
"../../../Engine/Content/Functions/Engine_MaterialFunctions02/SafeNormalize.uexp" 602
"../../../Engine/Plugins/Editor/SpeedTreeImporter/Content/SpeedTree9/SpeedTreeWindMotion.uasset" 603
"../../../Engine/Plugins/Editor/SpeedTreeImporter/Content/SpeedTree9/SpeedTreeWindMotion.uexp" 604
"../../../Engine/Plugins/Editor/SpeedTreeImporter/Content/SpeedTree9/SpeedTreeBranchMotion.uasset" 605
"../../../Engine/Plugins/Editor/SpeedTreeImporter/Content/SpeedTree9/SpeedTreeBranchMotion.uexp" 606
"../../../Engine/Content/Functions/Engine_MaterialFunctions02/UVs/BoundingBoxBased_0-1_UVW.uasset" 607
"../../../Engine/Content/Functions/Engine_MaterialFunctions02/UVs/BoundingBoxBased_0-1_UVW.uexp" 608
"../../../Engine/Plugins/Editor/SpeedTreeImporter/Content/SpeedTree9/SpeedTreeWind.uasset" 609
"../../../Engine/Plugins/Editor/SpeedTreeImporter/Content/SpeedTree9/SpeedTreeWind.uexp" 610
"../../../Engine/Plugins/Editor/SpeedTreeImporter/Content/SpeedTree9/SpeedTreeBillboard.uasset" 611
"../../../Engine/Plugins/Editor/SpeedTreeImporter/Content/SpeedTree9/SpeedTreeBillboard.uexp" 612
"../../../Engine/Plugins/Editor/SpeedTreeImporter/Content/SpeedTree9/EmptyNormal.uasset" 613
"../../../Engine/Plugins/Editor/SpeedTreeImporter/Content/SpeedTree9/EmptyNormal.uexp" 614
"../../../Engine/Plugins/Editor/SpeedTreeImporter/Content/SpeedTree9/Empty.uasset" 615
"../../../Engine/Plugins/Editor/SpeedTreeImporter/Content/SpeedTree9/Empty.uexp" 616
"../../../Engine/Plugins/Editor/SpeedTreeImporter/Content/SpeedTree9/SpeedTreeBillboardMaster.uasset" 617
"../../../Engine/Plugins/Editor/SpeedTreeImporter/Content/SpeedTree9/SpeedTreeBillboardMaster.uexp" 618
"../../../Engine/Plugins/Editor/SpeedTreeImporter/Content/SpeedTree9/SpeedTreeCameraFacing.uasset" 619
"../../../Engine/Plugins/Editor/SpeedTreeImporter/Content/SpeedTree9/SpeedTreeCameraFacing.uexp" 620
"../../../Engine/Plugins/Editor/SpeedTreeImporter/Content/SpeedTree9/SpeedTreeMaster.uasset" 621
"../../../Engine/Plugins/Editor/SpeedTreeImporter/Content/SpeedTree9/SpeedTreeMaster.uexp" 622
"../../../Engine/Content/BasicShapes/Cylinder.uasset" 623
"../../../Engine/Content/BasicShapes/Cylinder.uexp" 624
"../../../Engine/Content/ArtTools/RenderToTexture/Materials/Debug/M_Emissive_Color.uasset" 625
"../../../Engine/Content/ArtTools/RenderToTexture/Materials/Debug/M_Emissive_Color.uexp" 626
"D:/PROGRAMMING/U4Projects/Lyrq/Content/Game/Architecture/Default/Wall_500x500.uasset" 627
"D:/PROGRAMMING/U4Projects/Lyrq/Content/Game/Architecture/Default/Wall_500x500.uexp" 628
"D:/PROGRAMMING/U4Projects/Lyrq/Content/StarterContent/Textures/T_Ground_Grass_D.uasset" 629
"D:/PROGRAMMING/U4Projects/Lyrq/Content/StarterContent/Textures/T_Ground_Grass_D.uexp" 630
"D:/PROGRAMMING/U4Projects/Lyrq/Content/StarterContent/Textures/T_Ground_Grass_D.ubulk" 631
"D:/PROGRAMMING/U4Projects/Lyrq/Content/StarterContent/Textures/T_Ground_Grass_N.uasset" 632
"D:/PROGRAMMING/U4Projects/Lyrq/Content/StarterContent/Textures/T_Ground_Grass_N.uexp" 633
"D:/PROGRAMMING/U4Projects/Lyrq/Content/StarterContent/Textures/T_Ground_Grass_N.ubulk" 634
"D:/PROGRAMMING/U4Projects/Lyrq/Content/Game/Architecture/Default/Materials/M_Ground_Grass.uasset" 635
"D:/PROGRAMMING/U4Projects/Lyrq/Content/Game/Architecture/Default/Materials/M_Ground_Grass.uexp" 636
"D:/PROGRAMMING/U4Projects/Lyrq/Content/Player/Input/Actions/Move.uasset" 637
"D:/PROGRAMMING/U4Projects/Lyrq/Content/Player/Input/Actions/Move.uexp" 638
"D:/PROGRAMMING/U4Projects/Lyrq/Content/Player/Input/PlayerMappingContext.uasset" 639
"D:/PROGRAMMING/U4Projects/Lyrq/Content/Player/Input/PlayerMappingContext.uexp" 640
"D:/PROGRAMMING/U4Projects/Lyrq/Content/Player/Models/PA_Player.uasset" 641
"D:/PROGRAMMING/U4Projects/Lyrq/Content/Player/Models/PA_Player.uexp" 642
"D:/PROGRAMMING/U4Projects/Lyrq/Content/Player/Models/M_Player.uasset" 643
"D:/PROGRAMMING/U4Projects/Lyrq/Content/Player/Models/M_Player.uexp" 644
"D:/PROGRAMMING/U4Projects/Lyrq/Content/Player/BC_Player.uasset" 645
"D:/PROGRAMMING/U4Projects/Lyrq/Content/Player/BC_Player.uexp" 646
"D:/PROGRAMMING/U4Projects/Lyrq/Content/Game/Gamemodes/BGM_Game.uasset" 647
"D:/PROGRAMMING/U4Projects/Lyrq/Content/Game/Gamemodes/BGM_Game.uexp" 648
"D:/PROGRAMMING/U4Projects/Lyrq/Content/Game/Maps/Test_BuiltData.uasset" 649
"D:/PROGRAMMING/U4Projects/Lyrq/Content/Game/Maps/Test_BuiltData.uexp" 650
"D:/PROGRAMMING/U4Projects/Lyrq/Content/Game/Maps/Test_BuiltData.ubulk" 651
"../../../Engine/Content/BasicShapes/BasicShapeMaterial.uasset" 652
"../../../Engine/Content/BasicShapes/BasicShapeMaterial.uexp" 653
"../../../Engine/Content/BasicShapes/Cube.uasset" 654
"../../../Engine/Content/BasicShapes/Cube.uexp" 655
"../../../Engine/Content/EngineMaterials/DefaultPhysicalMaterial.uasset" 656
"../../../Engine/Content/EngineMaterials/DefaultPhysicalMaterial.uexp" 657
"D:/PROGRAMMING/U4Projects/Lyrq/Content/Game/Maps/Test.uexp" 658
"D:/PROGRAMMING/U4Projects/Lyrq/Content/Game/Maps/Test.umap" 659
"../../../Engine/Content/EditorMeshes/ColorCalibrator/M_GreyBall.uasset" 660
"../../../Engine/Content/EditorMeshes/ColorCalibrator/M_GreyBall.uexp" 661
"../../../Engine/Content/EditorMeshes/ColorCalibrator/Color_checker.uasset" 662
"../../../Engine/Content/EditorMeshes/ColorCalibrator/Color_checker.uexp" 663
"../../../Engine/Content/EditorMeshes/ColorCalibrator/Color_checker.ubulk" 664
"../../../Engine/Content/EditorMeshes/ColorCalibrator/M_ColorGrid.uasset" 665
"../../../Engine/Content/EditorMeshes/ColorCalibrator/M_ColorGrid.uexp" 666
"../../../Engine/Content/EditorMeshes/ColorCalibrator/M_ClearCoatBlack.uasset" 667
"../../../Engine/Content/EditorMeshes/ColorCalibrator/M_ClearCoatBlack.uexp" 668
"../../../Engine/Content/EditorMeshes/ColorCalibrator/M_ClearCoat.uasset" 669
"../../../Engine/Content/EditorMeshes/ColorCalibrator/M_ClearCoat.uexp" 670
"../../../Engine/Content/EditorMeshes/ColorCalibrator/M_ChromeBall.uasset" 671
"../../../Engine/Content/EditorMeshes/ColorCalibrator/M_ChromeBall.uexp" 672
"../../../Engine/Content/EditorMeshes/ColorCalibrator/SM_ColorCalibrator.uasset" 673
"../../../Engine/Content/EditorMeshes/ColorCalibrator/SM_ColorCalibrator.uexp" 674
"D:/PROGRAMMING/U4Projects/Lyrq/Content/StarterContent/Maps/Advanced_Lighting_BuiltData.uasset" 675
"D:/PROGRAMMING/U4Projects/Lyrq/Content/StarterContent/Maps/Advanced_Lighting_BuiltData.uexp" 676
"D:/PROGRAMMING/U4Projects/Lyrq/Content/StarterContent/Maps/Advanced_Lighting_BuiltData.ubulk" 677
"../../../Engine/Content/MapTemplates/Sky/DaylightAmbientCubemap.uasset" 678
"../../../Engine/Content/MapTemplates/Sky/DaylightAmbientCubemap.uexp" 679
"D:/PROGRAMMING/U4Projects/Lyrq/Content/StarterContent/HDRI/HDRI_Epic_Courtyard_Daylight.uasset" 680
"D:/PROGRAMMING/U4Projects/Lyrq/Content/StarterContent/HDRI/HDRI_Epic_Courtyard_Daylight.uexp" 681
"D:/PROGRAMMING/U4Projects/Lyrq/Content/StarterContent/Blueprints/Assets/M_LightStage_Skybox_Master.uasset" 682
"D:/PROGRAMMING/U4Projects/Lyrq/Content/StarterContent/Blueprints/Assets/M_LightStage_Skybox_Master.uexp" 683
"D:/PROGRAMMING/U4Projects/Lyrq/Content/StarterContent/Blueprints/Assets/M_LightStage_Skybox_HDRI.uasset" 684
"D:/PROGRAMMING/U4Projects/Lyrq/Content/StarterContent/Blueprints/Assets/M_LightStage_Skybox_HDRI.uexp" 685
"D:/PROGRAMMING/U4Projects/Lyrq/Content/StarterContent/Blueprints/Assets/M_LightStage_Arrows.uasset" 686
"D:/PROGRAMMING/U4Projects/Lyrq/Content/StarterContent/Blueprints/Assets/M_LightStage_Arrows.uexp" 687
"D:/PROGRAMMING/U4Projects/Lyrq/Content/StarterContent/Blueprints/Assets/SM_Arrows.uasset" 688
"D:/PROGRAMMING/U4Projects/Lyrq/Content/StarterContent/Blueprints/Assets/SM_Arrows.uexp" 689
"../../../Engine/Content/EditorMaterials/Thumbnails/SkySphereMaterial.uasset" 690
"../../../Engine/Content/EditorMaterials/Thumbnails/SkySphereMaterial.uexp" 691
"D:/PROGRAMMING/U4Projects/Lyrq/Content/StarterContent/Blueprints/Assets/Skybox.uasset" 692
"D:/PROGRAMMING/U4Projects/Lyrq/Content/StarterContent/Blueprints/Assets/Skybox.uexp" 693
"D:/PROGRAMMING/U4Projects/Lyrq/Content/StarterContent/Blueprints/Assets/M_LightStage_Skybox_Black.uasset" 694
"D:/PROGRAMMING/U4Projects/Lyrq/Content/StarterContent/Blueprints/Assets/M_LightStage_Skybox_Black.uexp" 695
"D:/PROGRAMMING/U4Projects/Lyrq/Content/StarterContent/Blueprints/Assets/SunlightColorLUT.uasset" 696
"D:/PROGRAMMING/U4Projects/Lyrq/Content/StarterContent/Blueprints/Assets/SunlightColorLUT.uexp" 697
"D:/PROGRAMMING/U4Projects/Lyrq/Content/StarterContent/Blueprints/Assets/FogBrightnessLUT.uasset" 698
"D:/PROGRAMMING/U4Projects/Lyrq/Content/StarterContent/Blueprints/Assets/FogBrightnessLUT.uexp" 699
"D:/PROGRAMMING/U4Projects/Lyrq/Content/StarterContent/Blueprints/BP_LightStudio.uasset" 700
"D:/PROGRAMMING/U4Projects/Lyrq/Content/StarterContent/Blueprints/BP_LightStudio.uexp" 701
"D:/PROGRAMMING/U4Projects/Lyrq/Content/Game/Architecture/Default/Materials/M_AssetPlatform.uasset" 702
"D:/PROGRAMMING/U4Projects/Lyrq/Content/Game/Architecture/Default/Materials/M_AssetPlatform.uexp" 703
"D:/PROGRAMMING/U4Projects/Lyrq/Content/Game/Architecture/Default/SM_AssetPlatform.uasset" 704
"D:/PROGRAMMING/U4Projects/Lyrq/Content/Game/Architecture/Default/SM_AssetPlatform.uexp" 705
"D:/PROGRAMMING/U4Projects/Lyrq/Content/StarterContent/Maps/Advanced_Lighting.uexp" 706
"D:/PROGRAMMING/U4Projects/Lyrq/Content/StarterContent/Maps/Advanced_Lighting.umap" 707
"D:/PROGRAMMING/U4Projects/Lyrq/Content/StarterContent/Textures/T_TableRound_N.uasset" 708
"D:/PROGRAMMING/U4Projects/Lyrq/Content/StarterContent/Textures/T_TableRound_N.uexp" 709
"D:/PROGRAMMING/U4Projects/Lyrq/Content/StarterContent/Textures/T_TableRound_N.ubulk" 710
"D:/PROGRAMMING/U4Projects/Lyrq/Content/StarterContent/Textures/T_TableRound_M.uasset" 711
"D:/PROGRAMMING/U4Projects/Lyrq/Content/StarterContent/Textures/T_TableRound_M.uexp" 712
"D:/PROGRAMMING/U4Projects/Lyrq/Content/StarterContent/Textures/T_TableRound_M.ubulk" 713
"D:/PROGRAMMING/U4Projects/Lyrq/Content/StarterContent/Props/Materials/M_TableRound.uasset" 714
"D:/PROGRAMMING/U4Projects/Lyrq/Content/StarterContent/Props/Materials/M_TableRound.uexp" 715
"D:/PROGRAMMING/U4Projects/Lyrq/Content/StarterContent/Props/SM_TableRound.uasset" 716
"D:/PROGRAMMING/U4Projects/Lyrq/Content/StarterContent/Props/SM_TableRound.uexp" 717
"D:/PROGRAMMING/U4Projects/Lyrq/Content/StarterContent/Textures/T_Statue_N.uasset" 718
"D:/PROGRAMMING/U4Projects/Lyrq/Content/StarterContent/Textures/T_Statue_N.uexp" 719
"D:/PROGRAMMING/U4Projects/Lyrq/Content/StarterContent/Textures/T_Statue_N.ubulk" 720
"D:/PROGRAMMING/U4Projects/Lyrq/Content/StarterContent/Textures/T_Statue_M.uasset" 721
"D:/PROGRAMMING/U4Projects/Lyrq/Content/StarterContent/Textures/T_Statue_M.uexp" 722
"D:/PROGRAMMING/U4Projects/Lyrq/Content/StarterContent/Textures/T_Statue_M.ubulk" 723
"D:/PROGRAMMING/U4Projects/Lyrq/Content/StarterContent/Props/Materials/M_StatueGlass.uasset" 724
"D:/PROGRAMMING/U4Projects/Lyrq/Content/StarterContent/Props/Materials/M_StatueGlass.uexp" 725
"D:/PROGRAMMING/U4Projects/Lyrq/Content/StarterContent/Props/Materials/M_Statue.uasset" 726
"D:/PROGRAMMING/U4Projects/Lyrq/Content/StarterContent/Props/Materials/M_Statue.uexp" 727
"D:/PROGRAMMING/U4Projects/Lyrq/Content/StarterContent/Props/SM_Statue.uasset" 728
"D:/PROGRAMMING/U4Projects/Lyrq/Content/StarterContent/Props/SM_Statue.uexp" 729
"D:/PROGRAMMING/U4Projects/Lyrq/Content/StarterContent/Props/SM_Chair.uasset" 730
"D:/PROGRAMMING/U4Projects/Lyrq/Content/StarterContent/Props/SM_Chair.uexp" 731
"../../../Engine/Content/EngineSky/T_Sky_Stars.uasset" 732
"../../../Engine/Content/EngineSky/T_Sky_Stars.uexp" 733
"../../../Engine/Content/EngineSky/T_Sky_Stars.ubulk" 734
"../../../Engine/Content/EngineSky/T_Sky_Clouds_M.uasset" 735
"../../../Engine/Content/EngineSky/T_Sky_Clouds_M.uexp" 736
"../../../Engine/Content/EngineSky/T_Sky_Clouds_M.ubulk" 737
"../../../Engine/Content/EngineSky/T_Sky_Blue.uasset" 738
"../../../Engine/Content/EngineSky/T_Sky_Blue.uexp" 739
"../../../Engine/Content/EngineSky/T_Sky_Blue.ubulk" 740
"../../../Engine/Content/EngineSky/M_Sky_Panning_Clouds2.uasset" 741
"../../../Engine/Content/EngineSky/M_Sky_Panning_Clouds2.uexp" 742
"D:/PROGRAMMING/U4Projects/Lyrq/Content/StarterContent/Maps/Minimal_Default_BuiltData.uasset" 743
"D:/PROGRAMMING/U4Projects/Lyrq/Content/StarterContent/Maps/Minimal_Default_BuiltData.uexp" 744
"D:/PROGRAMMING/U4Projects/Lyrq/Content/StarterContent/Maps/Minimal_Default_BuiltData.ubulk" 745
"../../../Engine/Content/EditorBlueprintResources/StandardMacros.uasset" 746
"../../../Engine/Content/EditorBlueprintResources/StandardMacros.uexp" 747
"../../../Engine/Content/EngineSky/SM_SkySphere.uasset" 748
"../../../Engine/Content/EngineSky/SM_SkySphere.uexp" 749
"../../../Engine/Content/EngineSky/C_Sky_Zenith_Color.uasset" 750
"../../../Engine/Content/EngineSky/C_Sky_Zenith_Color.uexp" 751
"../../../Engine/Content/EngineSky/C_Sky_Horizon_Color.uasset" 752
"../../../Engine/Content/EngineSky/C_Sky_Horizon_Color.uexp" 753
"../../../Engine/Content/EngineSky/C_Sky_Cloud_Color.uasset" 754
"../../../Engine/Content/EngineSky/C_Sky_Cloud_Color.uexp" 755
"../../../Engine/Content/EngineSky/BP_Sky_Sphere.uasset" 756
"../../../Engine/Content/EngineSky/BP_Sky_Sphere.uexp" 757
"D:/PROGRAMMING/U4Projects/Lyrq/Content/StarterContent/Particles/Materials/M_Radial_Gradient.uasset" 758
"D:/PROGRAMMING/U4Projects/Lyrq/Content/StarterContent/Particles/Materials/M_Radial_Gradient.uexp" 759
"D:/PROGRAMMING/U4Projects/Lyrq/Content/StarterContent/Textures/T_Water_N.uasset" 760
"D:/PROGRAMMING/U4Projects/Lyrq/Content/StarterContent/Textures/T_Water_N.uexp" 761
"D:/PROGRAMMING/U4Projects/Lyrq/Content/StarterContent/Textures/T_Water_N.ubulk" 762
"D:/PROGRAMMING/U4Projects/Lyrq/Content/StarterContent/Particles/Materials/M_Heat_Distortion.uasset" 763
"D:/PROGRAMMING/U4Projects/Lyrq/Content/StarterContent/Particles/Materials/M_Heat_Distortion.uexp" 764
"D:/PROGRAMMING/U4Projects/Lyrq/Content/StarterContent/Textures/T_Fire_Tiled_D.uasset" 765
"D:/PROGRAMMING/U4Projects/Lyrq/Content/StarterContent/Textures/T_Fire_Tiled_D.uexp" 766
"D:/PROGRAMMING/U4Projects/Lyrq/Content/StarterContent/Textures/T_Fire_Tiled_D.ubulk" 767
"D:/PROGRAMMING/U4Projects/Lyrq/Content/StarterContent/Textures/T_Fire_SubUV.uasset" 768
"D:/PROGRAMMING/U4Projects/Lyrq/Content/StarterContent/Textures/T_Fire_SubUV.uexp" 769
"D:/PROGRAMMING/U4Projects/Lyrq/Content/StarterContent/Textures/T_Fire_SubUV.ubulk" 770
"D:/PROGRAMMING/U4Projects/Lyrq/Content/StarterContent/Particles/Materials/M_Fire_SubUV.uasset" 771
"D:/PROGRAMMING/U4Projects/Lyrq/Content/StarterContent/Particles/Materials/M_Fire_SubUV.uexp" 772
"D:/PROGRAMMING/U4Projects/Lyrq/Content/StarterContent/Particles/P_Fire.uasset" 773
"D:/PROGRAMMING/U4Projects/Lyrq/Content/StarterContent/Particles/P_Fire.uexp" 774
"D:/PROGRAMMING/U4Projects/Lyrq/Content/StarterContent/Audio/Starter_Background_Cue.uasset" 775
"D:/PROGRAMMING/U4Projects/Lyrq/Content/StarterContent/Audio/Starter_Background_Cue.uexp" 776
"D:/PROGRAMMING/U4Projects/Lyrq/Content/Game/Architecture/Default/Floor_400x400.uasset" 777
"D:/PROGRAMMING/U4Projects/Lyrq/Content/Game/Architecture/Default/Floor_400x400.uexp" 778
"D:/PROGRAMMING/U4Projects/Lyrq/Content/Game/Architecture/Default/Materials/M_Metal_Brushed_Nickel.uasset" 779
"D:/PROGRAMMING/U4Projects/Lyrq/Content/Game/Architecture/Default/Materials/M_Metal_Brushed_Nickel.uexp" 780
"D:/PROGRAMMING/U4Projects/Lyrq/Content/StarterContent/Textures/T_Metal_Aluminum_D.uasset" 781
"D:/PROGRAMMING/U4Projects/Lyrq/Content/StarterContent/Textures/T_Metal_Aluminum_D.uexp" 782
"D:/PROGRAMMING/U4Projects/Lyrq/Content/StarterContent/Textures/T_Metal_Aluminum_D.ubulk" 783
"D:/PROGRAMMING/U4Projects/Lyrq/Content/StarterContent/Textures/T_Metal_Gold_N.uasset" 784
"D:/PROGRAMMING/U4Projects/Lyrq/Content/StarterContent/Textures/T_Metal_Gold_N.uexp" 785
"D:/PROGRAMMING/U4Projects/Lyrq/Content/StarterContent/Textures/T_Metal_Gold_N.ubulk" 786
"D:/PROGRAMMING/U4Projects/Lyrq/Content/Game/Architecture/Default/Materials/M_Metal_Burnished_Steel.uasset" 787
"D:/PROGRAMMING/U4Projects/Lyrq/Content/Game/Architecture/Default/Materials/M_Metal_Burnished_Steel.uexp" 788
"D:/PROGRAMMING/U4Projects/Lyrq/Content/StarterContent/Textures/T_Metal_Copper_D.uasset" 789
"D:/PROGRAMMING/U4Projects/Lyrq/Content/StarterContent/Textures/T_Metal_Copper_D.uexp" 790
"D:/PROGRAMMING/U4Projects/Lyrq/Content/StarterContent/Textures/T_Metal_Copper_D.ubulk" 791
"D:/PROGRAMMING/U4Projects/Lyrq/Content/Game/Architecture/Default/Materials/M_Metal_Copper.uasset" 792
"D:/PROGRAMMING/U4Projects/Lyrq/Content/Game/Architecture/Default/Materials/M_Metal_Copper.uexp" 793
"D:/PROGRAMMING/U4Projects/Lyrq/Content/StarterContent/Maps/Minimal_Default.uexp" 794
"D:/PROGRAMMING/U4Projects/Lyrq/Content/StarterContent/Maps/Minimal_Default.umap" 795
"D:/PROGRAMMING/U4Projects/Lyrq/Content/StarterContent/Props/MaterialSphere.uasset" 796
"D:/PROGRAMMING/U4Projects/Lyrq/Content/StarterContent/Props/MaterialSphere.uexp" 797
"D:/PROGRAMMING/U4Projects/Lyrq/Content/StarterContent/Textures/T_Dust_Particle_D.uasset" 798
"D:/PROGRAMMING/U4Projects/Lyrq/Content/StarterContent/Textures/T_Dust_Particle_D.uexp" 799
"D:/PROGRAMMING/U4Projects/Lyrq/Content/StarterContent/Textures/T_Dust_Particle_D.ubulk" 800
"D:/PROGRAMMING/U4Projects/Lyrq/Content/StarterContent/Particles/Materials/M_Dust_Particle.uasset" 801
"D:/PROGRAMMING/U4Projects/Lyrq/Content/StarterContent/Particles/Materials/M_Dust_Particle.uexp" 802
"D:/PROGRAMMING/U4Projects/Lyrq/Content/StarterContent/Particles/P_Ambient_Dust.uasset" 803
"D:/PROGRAMMING/U4Projects/Lyrq/Content/StarterContent/Particles/P_Ambient_Dust.uexp" 804
"../../../Engine/Content/EngineMeshes/MaterialSphere.uasset" 805
"../../../Engine/Content/EngineMeshes/MaterialSphere.uexp" 806
"../../../Engine/Content/Functions/Engine_MaterialFunctions03/Procedurals/ComputeFilterWidth.uasset" 807
"../../../Engine/Content/Functions/Engine_MaterialFunctions03/Procedurals/ComputeFilterWidth.uexp" 808
"../../../Engine/Content/EngineMaterials/AntiAliasedTextMaterialTranslucent.uasset" 809
"../../../Engine/Content/EngineMaterials/AntiAliasedTextMaterialTranslucent.uexp" 810
"../../../Engine/Content/EngineDebugMaterials/M_SimpleTranslucent.uasset" 811
"../../../Engine/Content/EngineDebugMaterials/M_SimpleTranslucent.uexp" 812
"D:/PROGRAMMING/U4Projects/Lyrq/Content/StarterContent/Maps/StarterMap_BuiltData.uasset" 813
"D:/PROGRAMMING/U4Projects/Lyrq/Content/StarterContent/Maps/StarterMap_BuiltData.uexp" 814
"D:/PROGRAMMING/U4Projects/Lyrq/Content/StarterContent/Maps/StarterMap_BuiltData.ubulk" 815
"D:/PROGRAMMING/U4Projects/Lyrq/Content/StarterContent/Textures/T_Frame_N.uasset" 816
"D:/PROGRAMMING/U4Projects/Lyrq/Content/StarterContent/Textures/T_Frame_N.uexp" 817
"D:/PROGRAMMING/U4Projects/Lyrq/Content/StarterContent/Textures/T_Frame_N.ubulk" 818
"D:/PROGRAMMING/U4Projects/Lyrq/Content/StarterContent/Textures/T_Frame_M.uasset" 819
"D:/PROGRAMMING/U4Projects/Lyrq/Content/StarterContent/Textures/T_Frame_M.uexp" 820
"D:/PROGRAMMING/U4Projects/Lyrq/Content/StarterContent/Textures/T_Frame_M.ubulk" 821
"D:/PROGRAMMING/U4Projects/Lyrq/Content/StarterContent/Props/Materials/M_Frame.uasset" 822
"D:/PROGRAMMING/U4Projects/Lyrq/Content/StarterContent/Props/Materials/M_Frame.uexp" 823
"D:/PROGRAMMING/U4Projects/Lyrq/Content/StarterContent/Textures/T_Lamp_N.uasset" 824
"D:/PROGRAMMING/U4Projects/Lyrq/Content/StarterContent/Textures/T_Lamp_N.uexp" 825
"D:/PROGRAMMING/U4Projects/Lyrq/Content/StarterContent/Textures/T_Lamp_N.ubulk" 826
"D:/PROGRAMMING/U4Projects/Lyrq/Content/StarterContent/Textures/T_Lamp_M.uasset" 827
"D:/PROGRAMMING/U4Projects/Lyrq/Content/StarterContent/Textures/T_Lamp_M.uexp" 828
"D:/PROGRAMMING/U4Projects/Lyrq/Content/StarterContent/Textures/T_Lamp_M.ubulk" 829
"D:/PROGRAMMING/U4Projects/Lyrq/Content/StarterContent/Props/Materials/M_Lamp.uasset" 830
"D:/PROGRAMMING/U4Projects/Lyrq/Content/StarterContent/Props/Materials/M_Lamp.uexp" 831
"D:/PROGRAMMING/U4Projects/Lyrq/Content/StarterContent/Props/SM_Lamp_Wall.uasset" 832
"D:/PROGRAMMING/U4Projects/Lyrq/Content/StarterContent/Props/SM_Lamp_Wall.uexp" 833
"D:/PROGRAMMING/U4Projects/Lyrq/Content/StarterContent/Blueprints/Blueprint_WallSconce.uasset" 834
"D:/PROGRAMMING/U4Projects/Lyrq/Content/StarterContent/Blueprints/Blueprint_WallSconce.uexp" 835
"D:/PROGRAMMING/U4Projects/Lyrq/Content/StarterContent/Particles/P_Steam_Lit.uasset" 836
"D:/PROGRAMMING/U4Projects/Lyrq/Content/StarterContent/Particles/P_Steam_Lit.uexp" 837
"D:/PROGRAMMING/U4Projects/Lyrq/Content/StarterContent/Audio/Steam01_Cue.uasset" 838
"D:/PROGRAMMING/U4Projects/Lyrq/Content/StarterContent/Audio/Steam01_Cue.uexp" 839
"D:/PROGRAMMING/U4Projects/Lyrq/Content/StarterContent/Blueprints/Blueprint_Effect_Steam.uasset" 840
"D:/PROGRAMMING/U4Projects/Lyrq/Content/StarterContent/Blueprints/Blueprint_Effect_Steam.uexp" 841
"D:/PROGRAMMING/U4Projects/Lyrq/Content/StarterContent/Textures/T_Spark_Core.uasset" 842
"D:/PROGRAMMING/U4Projects/Lyrq/Content/StarterContent/Textures/T_Spark_Core.uexp" 843
"D:/PROGRAMMING/U4Projects/Lyrq/Content/StarterContent/Textures/T_Spark_Core.ubulk" 844
"D:/PROGRAMMING/U4Projects/Lyrq/Content/StarterContent/Particles/Materials/M_Spark.uasset" 845
"D:/PROGRAMMING/U4Projects/Lyrq/Content/StarterContent/Particles/Materials/M_Spark.uexp" 846
"D:/PROGRAMMING/U4Projects/Lyrq/Content/StarterContent/Particles/P_Sparks.uasset" 847
"D:/PROGRAMMING/U4Projects/Lyrq/Content/StarterContent/Particles/P_Sparks.uexp" 848
"D:/PROGRAMMING/U4Projects/Lyrq/Content/StarterContent/Audio/Fire_Sparks01_Cue.uasset" 849
"D:/PROGRAMMING/U4Projects/Lyrq/Content/StarterContent/Audio/Fire_Sparks01_Cue.uexp" 850
"D:/PROGRAMMING/U4Projects/Lyrq/Content/StarterContent/Blueprints/Blueprint_Effect_Sparks.uasset" 851
"D:/PROGRAMMING/U4Projects/Lyrq/Content/StarterContent/Blueprints/Blueprint_Effect_Sparks.uexp" 852
"D:/PROGRAMMING/U4Projects/Lyrq/Content/StarterContent/Particles/P_Smoke.uasset" 853
"D:/PROGRAMMING/U4Projects/Lyrq/Content/StarterContent/Particles/P_Smoke.uexp" 854
"D:/PROGRAMMING/U4Projects/Lyrq/Content/StarterContent/Audio/Smoke01_Cue.uasset" 855
"D:/PROGRAMMING/U4Projects/Lyrq/Content/StarterContent/Audio/Smoke01_Cue.uexp" 856
"D:/PROGRAMMING/U4Projects/Lyrq/Content/StarterContent/Blueprints/Blueprint_Effect_Smoke.uasset" 857
"D:/PROGRAMMING/U4Projects/Lyrq/Content/StarterContent/Blueprints/Blueprint_Effect_Smoke.uexp" 858
"D:/PROGRAMMING/U4Projects/Lyrq/Content/StarterContent/Audio/Fire01_Cue.uasset" 859
"D:/PROGRAMMING/U4Projects/Lyrq/Content/StarterContent/Audio/Fire01_Cue.uexp" 860
"D:/PROGRAMMING/U4Projects/Lyrq/Content/StarterContent/Blueprints/Blueprint_Effect_Fire.uasset" 861
"D:/PROGRAMMING/U4Projects/Lyrq/Content/StarterContent/Blueprints/Blueprint_Effect_Fire.uexp" 862
"D:/PROGRAMMING/U4Projects/Lyrq/Content/StarterContent/Props/SM_Lamp_Ceiling.uasset" 863
"D:/PROGRAMMING/U4Projects/Lyrq/Content/StarterContent/Props/SM_Lamp_Ceiling.uexp" 864
"D:/PROGRAMMING/U4Projects/Lyrq/Content/StarterContent/Blueprints/Blueprint_CeilingLight.uasset" 865
"D:/PROGRAMMING/U4Projects/Lyrq/Content/StarterContent/Blueprints/Blueprint_CeilingLight.uexp" 866
"D:/PROGRAMMING/U4Projects/Lyrq/Content/StarterContent/Audio/Starter_Music_Cue.uasset" 867
"D:/PROGRAMMING/U4Projects/Lyrq/Content/StarterContent/Audio/Starter_Music_Cue.uexp" 868
"D:/PROGRAMMING/U4Projects/Lyrq/Content/StarterContent/Audio/Collapse_Cue.uasset" 869
"D:/PROGRAMMING/U4Projects/Lyrq/Content/StarterContent/Audio/Collapse_Cue.uexp" 870
"D:/PROGRAMMING/U4Projects/Lyrq/Content/StarterContent/Shapes/Shape_Sphere.uasset" 871
"D:/PROGRAMMING/U4Projects/Lyrq/Content/StarterContent/Shapes/Shape_Sphere.uexp" 872
"D:/PROGRAMMING/U4Projects/Lyrq/Content/StarterContent/Shapes/Shape_QuadPyramid.uasset" 873
"D:/PROGRAMMING/U4Projects/Lyrq/Content/StarterContent/Shapes/Shape_QuadPyramid.uexp" 874
"D:/PROGRAMMING/U4Projects/Lyrq/Content/StarterContent/Shapes/Shape_Cube.uasset" 875
"D:/PROGRAMMING/U4Projects/Lyrq/Content/StarterContent/Shapes/Shape_Cube.uexp" 876
"D:/PROGRAMMING/U4Projects/Lyrq/Content/StarterContent/Props/SM_WindowFrame.uasset" 877
"D:/PROGRAMMING/U4Projects/Lyrq/Content/StarterContent/Props/SM_WindowFrame.uexp" 878
"D:/PROGRAMMING/U4Projects/Lyrq/Content/StarterContent/Props/SM_PillarFrame300.uasset" 879
"D:/PROGRAMMING/U4Projects/Lyrq/Content/StarterContent/Props/SM_PillarFrame300.uexp" 880
"D:/PROGRAMMING/U4Projects/Lyrq/Content/StarterContent/Props/SM_PillarFrame.uasset" 881
"D:/PROGRAMMING/U4Projects/Lyrq/Content/StarterContent/Props/SM_PillarFrame.uexp" 882
"D:/PROGRAMMING/U4Projects/Lyrq/Content/StarterContent/Props/SM_GlassWindow.uasset" 883
"D:/PROGRAMMING/U4Projects/Lyrq/Content/StarterContent/Props/SM_GlassWindow.uexp" 884
"D:/PROGRAMMING/U4Projects/Lyrq/Content/StarterContent/Props/SM_DoorFrame.uasset" 885
"D:/PROGRAMMING/U4Projects/Lyrq/Content/StarterContent/Props/SM_DoorFrame.uexp" 886
"D:/PROGRAMMING/U4Projects/Lyrq/Content/StarterContent/Props/SM_CornerFrame.uasset" 887
"D:/PROGRAMMING/U4Projects/Lyrq/Content/StarterContent/Props/SM_CornerFrame.uexp" 888
"D:/PROGRAMMING/U4Projects/Lyrq/Content/StarterContent/Textures/T_Brick_Clay_Old_D.uasset" 889
"D:/PROGRAMMING/U4Projects/Lyrq/Content/StarterContent/Textures/T_Brick_Clay_Old_D.uexp" 890
"D:/PROGRAMMING/U4Projects/Lyrq/Content/StarterContent/Textures/T_Brick_Clay_Old_D.ubulk" 891
"D:/PROGRAMMING/U4Projects/Lyrq/Content/StarterContent/Textures/T_Brick_Clay_Old_N.uasset" 892
"D:/PROGRAMMING/U4Projects/Lyrq/Content/StarterContent/Textures/T_Brick_Clay_Old_N.uexp" 893
"D:/PROGRAMMING/U4Projects/Lyrq/Content/StarterContent/Textures/T_Brick_Clay_Old_N.ubulk" 894
"D:/PROGRAMMING/U4Projects/Lyrq/Content/Game/Architecture/Default/Materials/M_Brick_Clay_Old.uasset" 895
"D:/PROGRAMMING/U4Projects/Lyrq/Content/Game/Architecture/Default/Materials/M_Brick_Clay_Old.uexp" 896
"D:/PROGRAMMING/U4Projects/Lyrq/Content/StarterContent/Textures/T_Brick_Clay_New_N.uasset" 897
"D:/PROGRAMMING/U4Projects/Lyrq/Content/StarterContent/Textures/T_Brick_Clay_New_N.uexp" 898
"D:/PROGRAMMING/U4Projects/Lyrq/Content/StarterContent/Textures/T_Brick_Clay_New_M.uasset" 899
"D:/PROGRAMMING/U4Projects/Lyrq/Content/StarterContent/Textures/T_Brick_Clay_New_M.uexp" 900
"D:/PROGRAMMING/U4Projects/Lyrq/Content/StarterContent/Textures/T_Brick_Clay_New_D.uasset" 901
"D:/PROGRAMMING/U4Projects/Lyrq/Content/StarterContent/Textures/T_Brick_Clay_New_D.uexp" 902
"D:/PROGRAMMING/U4Projects/Lyrq/Content/StarterContent/Textures/T_Brick_Clay_New_D.ubulk" 903
"D:/PROGRAMMING/U4Projects/Lyrq/Content/Game/Architecture/Default/Materials/M_Brick_Clay_New.uasset" 904
"D:/PROGRAMMING/U4Projects/Lyrq/Content/Game/Architecture/Default/Materials/M_Brick_Clay_New.uexp" 905
"D:/PROGRAMMING/U4Projects/Lyrq/Content/StarterContent/Textures/T_Brick_Clay_Beveled_N.uasset" 906
"D:/PROGRAMMING/U4Projects/Lyrq/Content/StarterContent/Textures/T_Brick_Clay_Beveled_N.uexp" 907
"D:/PROGRAMMING/U4Projects/Lyrq/Content/StarterContent/Textures/T_Brick_Clay_Beveled_N.ubulk" 908
"D:/PROGRAMMING/U4Projects/Lyrq/Content/StarterContent/Textures/T_Brick_Clay_Beveled_M.uasset" 909
"D:/PROGRAMMING/U4Projects/Lyrq/Content/StarterContent/Textures/T_Brick_Clay_Beveled_M.uexp" 910
"D:/PROGRAMMING/U4Projects/Lyrq/Content/StarterContent/Textures/T_Brick_Clay_Beveled_M.ubulk" 911
"D:/PROGRAMMING/U4Projects/Lyrq/Content/StarterContent/Textures/T_Brick_Clay_Beveled_D.uasset" 912
"D:/PROGRAMMING/U4Projects/Lyrq/Content/StarterContent/Textures/T_Brick_Clay_Beveled_D.uexp" 913
"D:/PROGRAMMING/U4Projects/Lyrq/Content/StarterContent/Textures/T_Brick_Clay_Beveled_D.ubulk" 914
"D:/PROGRAMMING/U4Projects/Lyrq/Content/Game/Architecture/Default/Materials/M_Brick_Clay_Beveled.uasset" 915
"D:/PROGRAMMING/U4Projects/Lyrq/Content/Game/Architecture/Default/Materials/M_Brick_Clay_Beveled.uexp" 916
"D:/PROGRAMMING/U4Projects/Lyrq/Content/Game/Architecture/Default/Wall_Window_400x300.uasset" 917
"D:/PROGRAMMING/U4Projects/Lyrq/Content/Game/Architecture/Default/Wall_Window_400x300.uexp" 918
"D:/PROGRAMMING/U4Projects/Lyrq/Content/Game/Architecture/Default/Wall_Door_400x300.uasset" 919
"D:/PROGRAMMING/U4Projects/Lyrq/Content/Game/Architecture/Default/Wall_Door_400x300.uexp" 920
"D:/PROGRAMMING/U4Projects/Lyrq/Content/Game/Architecture/Default/Wall_400x200.uasset" 921
"D:/PROGRAMMING/U4Projects/Lyrq/Content/Game/Architecture/Default/Wall_400x200.uexp" 922
"D:/PROGRAMMING/U4Projects/Lyrq/Content/StarterContent/Textures/T_CobbleStone_Rough_D.uasset" 923
"D:/PROGRAMMING/U4Projects/Lyrq/Content/StarterContent/Textures/T_CobbleStone_Rough_D.uexp" 924
"D:/PROGRAMMING/U4Projects/Lyrq/Content/StarterContent/Textures/T_CobbleStone_Rough_D.ubulk" 925
"D:/PROGRAMMING/U4Projects/Lyrq/Content/StarterContent/Textures/T_CobbleStone_Rough_N.uasset" 926
"D:/PROGRAMMING/U4Projects/Lyrq/Content/StarterContent/Textures/T_CobbleStone_Rough_N.uexp" 927
"D:/PROGRAMMING/U4Projects/Lyrq/Content/StarterContent/Textures/T_CobbleStone_Rough_N.ubulk" 928
"D:/PROGRAMMING/U4Projects/Lyrq/Content/StarterContent/Textures/T_Gradinet_01.uasset" 929
"D:/PROGRAMMING/U4Projects/Lyrq/Content/StarterContent/Textures/T_Gradinet_01.uexp" 930
"D:/PROGRAMMING/U4Projects/Lyrq/Content/StarterContent/Textures/T_Gradinet_01.ubulk" 931
"D:/PROGRAMMING/U4Projects/Lyrq/Content/StarterContent/Textures/T_Rock_Smooth_Granite_D.uasset" 932
"D:/PROGRAMMING/U4Projects/Lyrq/Content/StarterContent/Textures/T_Rock_Smooth_Granite_D.uexp" 933
"D:/PROGRAMMING/U4Projects/Lyrq/Content/StarterContent/Textures/T_Rock_Smooth_Granite_D.ubulk" 934
"D:/PROGRAMMING/U4Projects/Lyrq/Content/Game/Architecture/Default/Materials/M_CobbleStone_Rough.uasset" 935
"D:/PROGRAMMING/U4Projects/Lyrq/Content/Game/Architecture/Default/Materials/M_CobbleStone_Rough.uexp" 936
"D:/PROGRAMMING/U4Projects/Lyrq/Content/StarterContent/Textures/T_CobbleStone_Smooth_D.uasset" 937
"D:/PROGRAMMING/U4Projects/Lyrq/Content/StarterContent/Textures/T_CobbleStone_Smooth_D.uexp" 938
"D:/PROGRAMMING/U4Projects/Lyrq/Content/StarterContent/Textures/T_CobbleStone_Smooth_D.ubulk" 939
"D:/PROGRAMMING/U4Projects/Lyrq/Content/StarterContent/Textures/T_CobbleStone_Smooth_M.uasset" 940
"D:/PROGRAMMING/U4Projects/Lyrq/Content/StarterContent/Textures/T_CobbleStone_Smooth_M.uexp" 941
"D:/PROGRAMMING/U4Projects/Lyrq/Content/StarterContent/Textures/T_CobbleStone_Smooth_M.ubulk" 942
"D:/PROGRAMMING/U4Projects/Lyrq/Content/StarterContent/Textures/T_CobbleStone_Smooth_N.uasset" 943
"D:/PROGRAMMING/U4Projects/Lyrq/Content/StarterContent/Textures/T_CobbleStone_Smooth_N.uexp" 944
"D:/PROGRAMMING/U4Projects/Lyrq/Content/StarterContent/Textures/T_CobbleStone_Smooth_N.ubulk" 945
"D:/PROGRAMMING/U4Projects/Lyrq/Content/Game/Architecture/Default/Materials/M_CobbleStone_Smooth.uasset" 946
"D:/PROGRAMMING/U4Projects/Lyrq/Content/Game/Architecture/Default/Materials/M_CobbleStone_Smooth.uexp" 947
"D:/PROGRAMMING/U4Projects/Lyrq/Content/StarterContent/Textures/T_Concrete_Grime_D.uasset" 948
"D:/PROGRAMMING/U4Projects/Lyrq/Content/StarterContent/Textures/T_Concrete_Grime_D.uexp" 949
"D:/PROGRAMMING/U4Projects/Lyrq/Content/StarterContent/Textures/T_Concrete_Grime_D.ubulk" 950
"D:/PROGRAMMING/U4Projects/Lyrq/Content/StarterContent/Textures/T_Metal_Rust_N.uasset" 951
"D:/PROGRAMMING/U4Projects/Lyrq/Content/StarterContent/Textures/T_Metal_Rust_N.uexp" 952
"D:/PROGRAMMING/U4Projects/Lyrq/Content/StarterContent/Textures/T_Metal_Rust_N.ubulk" 953
"D:/PROGRAMMING/U4Projects/Lyrq/Content/Game/Architecture/Default/Materials/M_Concrete_Grime.uasset" 954
"D:/PROGRAMMING/U4Projects/Lyrq/Content/Game/Architecture/Default/Materials/M_Concrete_Grime.uexp" 955
"D:/PROGRAMMING/U4Projects/Lyrq/Content/StarterContent/Textures/T_Concrete_Panels_D.uasset" 956
"D:/PROGRAMMING/U4Projects/Lyrq/Content/StarterContent/Textures/T_Concrete_Panels_D.uexp" 957
"D:/PROGRAMMING/U4Projects/Lyrq/Content/StarterContent/Textures/T_Concrete_Panels_D.ubulk" 958
"D:/PROGRAMMING/U4Projects/Lyrq/Content/StarterContent/Textures/T_Concrete_Panels_N.uasset" 959
"D:/PROGRAMMING/U4Projects/Lyrq/Content/StarterContent/Textures/T_Concrete_Panels_N.uexp" 960
"D:/PROGRAMMING/U4Projects/Lyrq/Content/StarterContent/Textures/T_Concrete_Panels_N.ubulk" 961
"D:/PROGRAMMING/U4Projects/Lyrq/Content/Game/Architecture/Default/Materials/M_Concrete_Panels.uasset" 962
"D:/PROGRAMMING/U4Projects/Lyrq/Content/Game/Architecture/Default/Materials/M_Concrete_Panels.uexp" 963
"D:/PROGRAMMING/U4Projects/Lyrq/Content/StarterContent/Textures/T_Concrete_Poured_D.uasset" 964
"D:/PROGRAMMING/U4Projects/Lyrq/Content/StarterContent/Textures/T_Concrete_Poured_D.uexp" 965
"D:/PROGRAMMING/U4Projects/Lyrq/Content/StarterContent/Textures/T_Concrete_Poured_D.ubulk" 966
"D:/PROGRAMMING/U4Projects/Lyrq/Content/StarterContent/Textures/T_Concrete_Poured_N.uasset" 967
"D:/PROGRAMMING/U4Projects/Lyrq/Content/StarterContent/Textures/T_Concrete_Poured_N.uexp" 968
"D:/PROGRAMMING/U4Projects/Lyrq/Content/StarterContent/Textures/T_Concrete_Poured_N.ubulk" 969
"D:/PROGRAMMING/U4Projects/Lyrq/Content/Game/Architecture/Default/Materials/M_Concrete_Poured.uasset" 970
"D:/PROGRAMMING/U4Projects/Lyrq/Content/Game/Architecture/Default/Materials/M_Concrete_Poured.uexp" 971
"D:/PROGRAMMING/U4Projects/Lyrq/Content/StarterContent/Textures/T_Concrete_Tiles_D.uasset" 972
"D:/PROGRAMMING/U4Projects/Lyrq/Content/StarterContent/Textures/T_Concrete_Tiles_D.uexp" 973
"D:/PROGRAMMING/U4Projects/Lyrq/Content/StarterContent/Textures/T_Concrete_Tiles_D.ubulk" 974
"D:/PROGRAMMING/U4Projects/Lyrq/Content/StarterContent/Textures/T_Concrete_Tiles_M.uasset" 975
"D:/PROGRAMMING/U4Projects/Lyrq/Content/StarterContent/Textures/T_Concrete_Tiles_M.uexp" 976
"D:/PROGRAMMING/U4Projects/Lyrq/Content/StarterContent/Textures/T_Concrete_Tiles_M.ubulk" 977
"D:/PROGRAMMING/U4Projects/Lyrq/Content/StarterContent/Textures/T_Concrete_Tiles_N.uasset" 978
"D:/PROGRAMMING/U4Projects/Lyrq/Content/StarterContent/Textures/T_Concrete_Tiles_N.uexp" 979
"D:/PROGRAMMING/U4Projects/Lyrq/Content/StarterContent/Textures/T_Concrete_Tiles_N.ubulk" 980
"D:/PROGRAMMING/U4Projects/Lyrq/Content/StarterContent/Textures/T_Concrete_Tiles_Variation_M.uasset" 981
"D:/PROGRAMMING/U4Projects/Lyrq/Content/StarterContent/Textures/T_Concrete_Tiles_Variation_M.uexp" 982
"D:/PROGRAMMING/U4Projects/Lyrq/Content/StarterContent/Textures/T_Concrete_Tiles_Variation_M.ubulk" 983
"D:/PROGRAMMING/U4Projects/Lyrq/Content/Game/Architecture/Default/Materials/M_Concrete_Tiles.uasset" 984
"D:/PROGRAMMING/U4Projects/Lyrq/Content/Game/Architecture/Default/Materials/M_Concrete_Tiles.uexp" 985
"D:/PROGRAMMING/U4Projects/Lyrq/Content/StarterContent/Textures/T_Ground_Gravel_N.uasset" 986
"D:/PROGRAMMING/U4Projects/Lyrq/Content/StarterContent/Textures/T_Ground_Gravel_N.uexp" 987
"D:/PROGRAMMING/U4Projects/Lyrq/Content/StarterContent/Textures/T_Ground_Gravel_N.ubulk" 988
"D:/PROGRAMMING/U4Projects/Lyrq/Content/StarterContent/Textures/T_Ground_Gravel_D.uasset" 989
"D:/PROGRAMMING/U4Projects/Lyrq/Content/StarterContent/Textures/T_Ground_Gravel_D.uexp" 990
"D:/PROGRAMMING/U4Projects/Lyrq/Content/StarterContent/Textures/T_Ground_Gravel_D.ubulk" 991
"D:/PROGRAMMING/U4Projects/Lyrq/Content/Game/Architecture/Default/Materials/M_Ground_Gravel.uasset" 992
"D:/PROGRAMMING/U4Projects/Lyrq/Content/Game/Architecture/Default/Materials/M_Ground_Gravel.uexp" 993
"D:/PROGRAMMING/U4Projects/Lyrq/Content/StarterContent/Textures/T_Brick_Cut_Stone_D.uasset" 994
"D:/PROGRAMMING/U4Projects/Lyrq/Content/StarterContent/Textures/T_Brick_Cut_Stone_D.uexp" 995
"D:/PROGRAMMING/U4Projects/Lyrq/Content/StarterContent/Textures/T_Brick_Cut_Stone_D.ubulk" 996
"D:/PROGRAMMING/U4Projects/Lyrq/Content/StarterContent/Textures/T_Brick_Cut_Stone_N.uasset" 997
"D:/PROGRAMMING/U4Projects/Lyrq/Content/StarterContent/Textures/T_Brick_Cut_Stone_N.uexp" 998
"D:/PROGRAMMING/U4Projects/Lyrq/Content/StarterContent/Textures/T_Brick_Cut_Stone_N.ubulk" 999
"D:/PROGRAMMING/U4Projects/Lyrq/Content/Game/Architecture/Default/Materials/M_Brick_Cut_Stone.uasset" 1000
"D:/PROGRAMMING/U4Projects/Lyrq/Content/Game/Architecture/Default/Materials/M_Brick_Cut_Stone.uexp" 1001
"D:/PROGRAMMING/U4Projects/Lyrq/Content/StarterContent/Textures/T_Brick_Hewn_Stone_D.uasset" 1002
"D:/PROGRAMMING/U4Projects/Lyrq/Content/StarterContent/Textures/T_Brick_Hewn_Stone_D.uexp" 1003
"D:/PROGRAMMING/U4Projects/Lyrq/Content/StarterContent/Textures/T_Brick_Hewn_Stone_D.ubulk" 1004
"D:/PROGRAMMING/U4Projects/Lyrq/Content/StarterContent/Textures/T_Brick_Hewn_Stone_M.uasset" 1005
"D:/PROGRAMMING/U4Projects/Lyrq/Content/StarterContent/Textures/T_Brick_Hewn_Stone_M.uexp" 1006
"D:/PROGRAMMING/U4Projects/Lyrq/Content/StarterContent/Textures/T_Brick_Hewn_Stone_M.ubulk" 1007
"D:/PROGRAMMING/U4Projects/Lyrq/Content/StarterContent/Textures/T_Brick_Hewn_Stone_N.uasset" 1008
"D:/PROGRAMMING/U4Projects/Lyrq/Content/StarterContent/Textures/T_Brick_Hewn_Stone_N.uexp" 1009
"D:/PROGRAMMING/U4Projects/Lyrq/Content/StarterContent/Textures/T_Brick_Hewn_Stone_N.ubulk" 1010
"D:/PROGRAMMING/U4Projects/Lyrq/Content/Game/Architecture/Default/Materials/M_Brick_Hewn_Stone.uasset" 1011
"D:/PROGRAMMING/U4Projects/Lyrq/Content/Game/Architecture/Default/Materials/M_Brick_Hewn_Stone.uexp" 1012
"D:/PROGRAMMING/U4Projects/Lyrq/Content/StarterContent/Textures/T_CobbleStone_Pebble_D.uasset" 1013
"D:/PROGRAMMING/U4Projects/Lyrq/Content/StarterContent/Textures/T_CobbleStone_Pebble_D.uexp" 1014
"D:/PROGRAMMING/U4Projects/Lyrq/Content/StarterContent/Textures/T_CobbleStone_Pebble_D.ubulk" 1015
"D:/PROGRAMMING/U4Projects/Lyrq/Content/StarterContent/Textures/T_CobbleStone_Pebble_M.uasset" 1016
"D:/PROGRAMMING/U4Projects/Lyrq/Content/StarterContent/Textures/T_CobbleStone_Pebble_M.uexp" 1017
"D:/PROGRAMMING/U4Projects/Lyrq/Content/StarterContent/Textures/T_CobbleStone_Pebble_M.ubulk" 1018
"D:/PROGRAMMING/U4Projects/Lyrq/Content/StarterContent/Textures/T_CobbleStone_Pebble_N.uasset" 1019
"D:/PROGRAMMING/U4Projects/Lyrq/Content/StarterContent/Textures/T_CobbleStone_Pebble_N.uexp" 1020
"D:/PROGRAMMING/U4Projects/Lyrq/Content/StarterContent/Textures/T_CobbleStone_Pebble_N.ubulk" 1021
"D:/PROGRAMMING/U4Projects/Lyrq/Content/Game/Architecture/Default/Materials/M_CobbleStone_Pebble.uasset" 1022
"D:/PROGRAMMING/U4Projects/Lyrq/Content/Game/Architecture/Default/Materials/M_CobbleStone_Pebble.uexp" 1023
"D:/PROGRAMMING/U4Projects/Lyrq/Content/StarterContent/Textures/T_Ground_Moss_N.uasset" 1024
"D:/PROGRAMMING/U4Projects/Lyrq/Content/StarterContent/Textures/T_Ground_Moss_N.uexp" 1025
"D:/PROGRAMMING/U4Projects/Lyrq/Content/StarterContent/Textures/T_Ground_Moss_N.ubulk" 1026
"D:/PROGRAMMING/U4Projects/Lyrq/Content/StarterContent/Textures/T_ground_Moss_D.uasset" 1027
"D:/PROGRAMMING/U4Projects/Lyrq/Content/StarterContent/Textures/T_ground_Moss_D.uexp" 1028
"D:/PROGRAMMING/U4Projects/Lyrq/Content/StarterContent/Textures/T_ground_Moss_D.ubulk" 1029
"D:/PROGRAMMING/U4Projects/Lyrq/Content/Game/Architecture/Default/Materials/M_Ground_Moss.uasset" 1030
"D:/PROGRAMMING/U4Projects/Lyrq/Content/Game/Architecture/Default/Materials/M_Ground_Moss.uexp" 1031
"D:/PROGRAMMING/U4Projects/Lyrq/Content/StarterContent/Textures/T_Ceramic_Tile_M.uasset" 1032
"D:/PROGRAMMING/U4Projects/Lyrq/Content/StarterContent/Textures/T_Ceramic_Tile_M.uexp" 1033
"D:/PROGRAMMING/U4Projects/Lyrq/Content/StarterContent/Textures/T_Ceramic_Tile_M.ubulk" 1034
"D:/PROGRAMMING/U4Projects/Lyrq/Content/StarterContent/Textures/T_Ceramic_Tile_N.uasset" 1035
"D:/PROGRAMMING/U4Projects/Lyrq/Content/StarterContent/Textures/T_Ceramic_Tile_N.uexp" 1036
"D:/PROGRAMMING/U4Projects/Lyrq/Content/StarterContent/Textures/T_Ceramic_Tile_N.ubulk" 1037
"D:/PROGRAMMING/U4Projects/Lyrq/Content/StarterContent/Textures/T_Rock_Marble_Polished_D.uasset" 1038
"D:/PROGRAMMING/U4Projects/Lyrq/Content/StarterContent/Textures/T_Rock_Marble_Polished_D.uexp" 1039
"D:/PROGRAMMING/U4Projects/Lyrq/Content/StarterContent/Textures/T_Rock_Marble_Polished_D.ubulk" 1040
"D:/PROGRAMMING/U4Projects/Lyrq/Content/Game/Architecture/Default/Materials/M_Ceramic_Tile_Checker.uasset" 1041
"D:/PROGRAMMING/U4Projects/Lyrq/Content/Game/Architecture/Default/Materials/M_Ceramic_Tile_Checker.uexp" 1042
"D:/PROGRAMMING/U4Projects/Lyrq/Content/Game/Architecture/Default/Materials/M_Metal_Chrome.uasset" 1043
"D:/PROGRAMMING/U4Projects/Lyrq/Content/Game/Architecture/Default/Materials/M_Metal_Chrome.uexp" 1044
"D:/PROGRAMMING/U4Projects/Lyrq/Content/StarterContent/Textures/T_Metal_Gold_D.uasset" 1045
"D:/PROGRAMMING/U4Projects/Lyrq/Content/StarterContent/Textures/T_Metal_Gold_D.uexp" 1046
"D:/PROGRAMMING/U4Projects/Lyrq/Content/StarterContent/Textures/T_Metal_Gold_D.ubulk" 1047
"D:/PROGRAMMING/U4Projects/Lyrq/Content/Game/Architecture/Default/Materials/M_Metal_Gold.uasset" 1048
"D:/PROGRAMMING/U4Projects/Lyrq/Content/Game/Architecture/Default/Materials/M_Metal_Gold.uexp" 1049
"D:/PROGRAMMING/U4Projects/Lyrq/Content/StarterContent/Textures/T_Metal_Rust_D.uasset" 1050
"D:/PROGRAMMING/U4Projects/Lyrq/Content/StarterContent/Textures/T_Metal_Rust_D.uexp" 1051
"D:/PROGRAMMING/U4Projects/Lyrq/Content/StarterContent/Textures/T_Metal_Rust_D.ubulk" 1052
"D:/PROGRAMMING/U4Projects/Lyrq/Content/Game/Architecture/Default/Materials/M_Metal_Rust.uasset" 1053
"D:/PROGRAMMING/U4Projects/Lyrq/Content/Game/Architecture/Default/Materials/M_Metal_Rust.uexp" 1054
"D:/PROGRAMMING/U4Projects/Lyrq/Content/StarterContent/Textures/T_Metal_Steel_D.uasset" 1055
"D:/PROGRAMMING/U4Projects/Lyrq/Content/StarterContent/Textures/T_Metal_Steel_D.uexp" 1056
"D:/PROGRAMMING/U4Projects/Lyrq/Content/StarterContent/Textures/T_Metal_Steel_D.ubulk" 1057
"D:/PROGRAMMING/U4Projects/Lyrq/Content/StarterContent/Textures/T_Metal_Steel_N.uasset" 1058
"D:/PROGRAMMING/U4Projects/Lyrq/Content/StarterContent/Textures/T_Metal_Steel_N.uexp" 1059
"D:/PROGRAMMING/U4Projects/Lyrq/Content/StarterContent/Textures/T_Metal_Steel_N.ubulk" 1060
"D:/PROGRAMMING/U4Projects/Lyrq/Content/Game/Architecture/Default/Materials/M_Metal_Steel.uasset" 1061
"D:/PROGRAMMING/U4Projects/Lyrq/Content/Game/Architecture/Default/Materials/M_Metal_Steel.uexp" 1062
"D:/PROGRAMMING/U4Projects/Lyrq/Content/StarterContent/Textures/T_Rock_Basalt_N.uasset" 1063
"D:/PROGRAMMING/U4Projects/Lyrq/Content/StarterContent/Textures/T_Rock_Basalt_N.uexp" 1064
"D:/PROGRAMMING/U4Projects/Lyrq/Content/StarterContent/Textures/T_Rock_Basalt_N.ubulk" 1065
"D:/PROGRAMMING/U4Projects/Lyrq/Content/Game/Architecture/Default/Materials/M_Rock_Basalt.uasset" 1066
"D:/PROGRAMMING/U4Projects/Lyrq/Content/Game/Architecture/Default/Materials/M_Rock_Basalt.uexp" 1067
"D:/PROGRAMMING/U4Projects/Lyrq/Content/Game/Architecture/Default/Materials/M_Rock_Marble_Polished.uasset" 1068
"D:/PROGRAMMING/U4Projects/Lyrq/Content/Game/Architecture/Default/Materials/M_Rock_Marble_Polished.uexp" 1069
"D:/PROGRAMMING/U4Projects/Lyrq/Content/StarterContent/Textures/T_Rock_Sandstone_D.uasset" 1070
"D:/PROGRAMMING/U4Projects/Lyrq/Content/StarterContent/Textures/T_Rock_Sandstone_D.uexp" 1071
"D:/PROGRAMMING/U4Projects/Lyrq/Content/StarterContent/Textures/T_Rock_Sandstone_D.ubulk" 1072
"D:/PROGRAMMING/U4Projects/Lyrq/Content/StarterContent/Textures/T_Rock_Sandstone_N.uasset" 1073
"D:/PROGRAMMING/U4Projects/Lyrq/Content/StarterContent/Textures/T_Rock_Sandstone_N.uexp" 1074
"D:/PROGRAMMING/U4Projects/Lyrq/Content/StarterContent/Textures/T_Rock_Sandstone_N.ubulk" 1075
"D:/PROGRAMMING/U4Projects/Lyrq/Content/Game/Architecture/Default/Materials/M_Rock_Sandstone.uasset" 1076
"D:/PROGRAMMING/U4Projects/Lyrq/Content/Game/Architecture/Default/Materials/M_Rock_Sandstone.uexp" 1077
"D:/PROGRAMMING/U4Projects/Lyrq/Content/StarterContent/Textures/T_Rock_Slate_D.uasset" 1078
"D:/PROGRAMMING/U4Projects/Lyrq/Content/StarterContent/Textures/T_Rock_Slate_D.uexp" 1079
"D:/PROGRAMMING/U4Projects/Lyrq/Content/StarterContent/Textures/T_Rock_Slate_D.ubulk" 1080
"D:/PROGRAMMING/U4Projects/Lyrq/Content/StarterContent/Textures/T_Rock_Slate_N.uasset" 1081
"D:/PROGRAMMING/U4Projects/Lyrq/Content/StarterContent/Textures/T_Rock_Slate_N.uexp" 1082
"D:/PROGRAMMING/U4Projects/Lyrq/Content/StarterContent/Textures/T_Rock_Slate_N.ubulk" 1083
"D:/PROGRAMMING/U4Projects/Lyrq/Content/Game/Architecture/Default/Materials/M_Rock_Slate.uasset" 1084
"D:/PROGRAMMING/U4Projects/Lyrq/Content/Game/Architecture/Default/Materials/M_Rock_Slate.uexp" 1085
"D:/PROGRAMMING/U4Projects/Lyrq/Content/StarterContent/Textures/T_Checker_Noise_M.uasset" 1086
"D:/PROGRAMMING/U4Projects/Lyrq/Content/StarterContent/Textures/T_Checker_Noise_M.uexp" 1087
"D:/PROGRAMMING/U4Projects/Lyrq/Content/StarterContent/Textures/T_Checker_Noise_M.ubulk" 1088
"D:/PROGRAMMING/U4Projects/Lyrq/Content/StarterContent/Textures/T_Single_Tile_N.uasset" 1089
"D:/PROGRAMMING/U4Projects/Lyrq/Content/StarterContent/Textures/T_Single_Tile_N.uexp" 1090
"D:/PROGRAMMING/U4Projects/Lyrq/Content/StarterContent/Textures/T_Single_Tile_N.ubulk" 1091
"D:/PROGRAMMING/U4Projects/Lyrq/Content/StarterContent/Textures/T_Tech_Dot_M.uasset" 1092
"D:/PROGRAMMING/U4Projects/Lyrq/Content/StarterContent/Textures/T_Tech_Dot_M.uexp" 1093
"D:/PROGRAMMING/U4Projects/Lyrq/Content/StarterContent/Textures/T_Tech_Dot_M.ubulk" 1094
"D:/PROGRAMMING/U4Projects/Lyrq/Content/StarterContent/Textures/T_Tech_Dot_N.uasset" 1095
"D:/PROGRAMMING/U4Projects/Lyrq/Content/StarterContent/Textures/T_Tech_Dot_N.uexp" 1096
"D:/PROGRAMMING/U4Projects/Lyrq/Content/StarterContent/Textures/T_Tech_Dot_N.ubulk" 1097
"D:/PROGRAMMING/U4Projects/Lyrq/Content/Game/Architecture/Default/Materials/M_Tech_Checker_Dot.uasset" 1098
"D:/PROGRAMMING/U4Projects/Lyrq/Content/Game/Architecture/Default/Materials/M_Tech_Checker_Dot.uexp" 1099
"D:/PROGRAMMING/U4Projects/Lyrq/Content/Game/Architecture/Default/Materials/M_Tech_Hex_Tile_Pulse.uasset" 1100
"D:/PROGRAMMING/U4Projects/Lyrq/Content/Game/Architecture/Default/Materials/M_Tech_Hex_Tile_Pulse.uexp" 1101
"D:/PROGRAMMING/U4Projects/Lyrq/Content/StarterContent/Textures/T_Tech_Panel_M.uasset" 1102
"D:/PROGRAMMING/U4Projects/Lyrq/Content/StarterContent/Textures/T_Tech_Panel_M.uexp" 1103
"D:/PROGRAMMING/U4Projects/Lyrq/Content/StarterContent/Textures/T_Tech_Panel_M.ubulk" 1104
"D:/PROGRAMMING/U4Projects/Lyrq/Content/StarterContent/Textures/T_Tech_Panel_N.uasset" 1105
"D:/PROGRAMMING/U4Projects/Lyrq/Content/StarterContent/Textures/T_Tech_Panel_N.uexp" 1106
"D:/PROGRAMMING/U4Projects/Lyrq/Content/StarterContent/Textures/T_Tech_Panel_N.ubulk" 1107
"D:/PROGRAMMING/U4Projects/Lyrq/Content/Game/Architecture/Default/Materials/M_Tech_Panel.uasset" 1108
"D:/PROGRAMMING/U4Projects/Lyrq/Content/Game/Architecture/Default/Materials/M_Tech_Panel.uexp" 1109
"D:/PROGRAMMING/U4Projects/Lyrq/Content/Game/Architecture/Default/Materials/M_Water_Lake.uasset" 1110
"D:/PROGRAMMING/U4Projects/Lyrq/Content/Game/Architecture/Default/Materials/M_Water_Lake.uexp" 1111
"D:/PROGRAMMING/U4Projects/Lyrq/Content/StarterContent/Textures/T_Water_M.uasset" 1112
"D:/PROGRAMMING/U4Projects/Lyrq/Content/StarterContent/Textures/T_Water_M.uexp" 1113
"D:/PROGRAMMING/U4Projects/Lyrq/Content/StarterContent/Textures/T_Water_M.ubulk" 1114
"D:/PROGRAMMING/U4Projects/Lyrq/Content/Game/Architecture/Default/Materials/M_Water_Ocean.uasset" 1115
"D:/PROGRAMMING/U4Projects/Lyrq/Content/Game/Architecture/Default/Materials/M_Water_Ocean.uexp" 1116
"D:/PROGRAMMING/U4Projects/Lyrq/Content/StarterContent/Textures/T_Wood_Floor_Walnut_M.uasset" 1117
"D:/PROGRAMMING/U4Projects/Lyrq/Content/StarterContent/Textures/T_Wood_Floor_Walnut_M.uexp" 1118
"D:/PROGRAMMING/U4Projects/Lyrq/Content/StarterContent/Textures/T_Wood_Floor_Walnut_M.ubulk" 1119
"D:/PROGRAMMING/U4Projects/Lyrq/Content/StarterContent/Textures/T_Wood_Floor_Walnut_N.uasset" 1120
"D:/PROGRAMMING/U4Projects/Lyrq/Content/StarterContent/Textures/T_Wood_Floor_Walnut_N.uexp" 1121
"D:/PROGRAMMING/U4Projects/Lyrq/Content/StarterContent/Textures/T_Wood_Floor_Walnut_N.ubulk" 1122
"D:/PROGRAMMING/U4Projects/Lyrq/Content/StarterContent/Textures/T_Wood_Floor_Walnut_D.uasset" 1123
"D:/PROGRAMMING/U4Projects/Lyrq/Content/StarterContent/Textures/T_Wood_Floor_Walnut_D.uexp" 1124
"D:/PROGRAMMING/U4Projects/Lyrq/Content/StarterContent/Textures/T_Wood_Floor_Walnut_D.ubulk" 1125
"D:/PROGRAMMING/U4Projects/Lyrq/Content/Game/Architecture/Default/Materials/M_Wood_Floor_Walnut_Polished.uasset" 1126
"D:/PROGRAMMING/U4Projects/Lyrq/Content/Game/Architecture/Default/Materials/M_Wood_Floor_Walnut_Polished.uexp" 1127
"../../../Engine/Content/Functions/Engine_MaterialFunctions01/Opacity/AlphaOffset.uasset" 1128
"../../../Engine/Content/Functions/Engine_MaterialFunctions01/Opacity/AlphaOffset.uexp" 1129
"D:/PROGRAMMING/U4Projects/Lyrq/Content/Game/Architecture/Default/Materials/M_Wood_Floor_Walnut_Worn.uasset" 1130
"D:/PROGRAMMING/U4Projects/Lyrq/Content/Game/Architecture/Default/Materials/M_Wood_Floor_Walnut_Worn.uexp" 1131
"D:/PROGRAMMING/U4Projects/Lyrq/Content/StarterContent/Textures/T_Wood_Oak_D.uasset" 1132
"D:/PROGRAMMING/U4Projects/Lyrq/Content/StarterContent/Textures/T_Wood_Oak_D.uexp" 1133
"D:/PROGRAMMING/U4Projects/Lyrq/Content/StarterContent/Textures/T_Wood_Oak_D.ubulk" 1134
"D:/PROGRAMMING/U4Projects/Lyrq/Content/StarterContent/Textures/T_Wood_Oak_N.uasset" 1135
"D:/PROGRAMMING/U4Projects/Lyrq/Content/StarterContent/Textures/T_Wood_Oak_N.uexp" 1136
"D:/PROGRAMMING/U4Projects/Lyrq/Content/StarterContent/Textures/T_Wood_Oak_N.ubulk" 1137
"D:/PROGRAMMING/U4Projects/Lyrq/Content/Game/Architecture/Default/Materials/M_Wood_Oak.uasset" 1138
"D:/PROGRAMMING/U4Projects/Lyrq/Content/Game/Architecture/Default/Materials/M_Wood_Oak.uexp" 1139
"D:/PROGRAMMING/U4Projects/Lyrq/Content/StarterContent/Textures/T_Wood_Walnut_D.uasset" 1140
"D:/PROGRAMMING/U4Projects/Lyrq/Content/StarterContent/Textures/T_Wood_Walnut_D.uexp" 1141
"D:/PROGRAMMING/U4Projects/Lyrq/Content/StarterContent/Textures/T_Wood_Walnut_D.ubulk" 1142
"D:/PROGRAMMING/U4Projects/Lyrq/Content/StarterContent/Textures/T_Wood_Walnut_N.uasset" 1143
"D:/PROGRAMMING/U4Projects/Lyrq/Content/StarterContent/Textures/T_Wood_Walnut_N.uexp" 1144
"D:/PROGRAMMING/U4Projects/Lyrq/Content/StarterContent/Textures/T_Wood_Walnut_N.ubulk" 1145
"D:/PROGRAMMING/U4Projects/Lyrq/Content/Game/Architecture/Default/Materials/M_Wood_Walnut.uasset" 1146
"D:/PROGRAMMING/U4Projects/Lyrq/Content/Game/Architecture/Default/Materials/M_Wood_Walnut.uexp" 1147
"D:/PROGRAMMING/U4Projects/Lyrq/Content/StarterContent/Maps/StarterMap.uexp" 1148
"D:/PROGRAMMING/U4Projects/Lyrq/Content/StarterContent/Maps/StarterMap.umap" 1149
